============================= test session starts ==============================
platform darwin -- Python 3.12.13, pytest-9.1.1, pluggy-1.6.0
rootdir: /Users/khushaldhanani/Desktop/AETHERIND/cv-analyzer/backend
configfile: pyproject.toml
plugins: asyncio-1.4.0, anyio-4.14.2, Faker-40.36.0
asyncio: mode=Mode.STRICT, debug=False, asyncio_default_fixture_loop_scope=None, asyncio_default_test_loop_scope=function
collected 360 items

tests/api/test_experience_extraction_api.py ..                           [  0%]
tests/test_ai_recommendations.py .....                                   [  1%]
tests/test_audit_fixes.py .............................................. [ 14%]
.                                                                        [ 15%]
tests/test_batch_processing.py ..                                        [ 15%]
tests/test_cache_hit_persistence.py .                                    [ 15%]
tests/test_candidate_context.py ....                                     [ 16%]
tests/test_candidate_embedding.py .                                      [ 17%]
tests/test_candidate_semantic_search.py ....                             [ 18%]
tests/test_classification_normalization.py ...........                   [ 21%]
tests/test_cross_domain_guard_db_driven.py .....                         [ 22%]
tests/test_cv_extraction.py ......F....                                  [ 25%]
tests/test_cv_idempotency.py ......                                      [ 27%]
tests/test_date_interval_parser.py ...                                   [ 28%]
tests/test_department_domain_repository.py ..........                    [ 31%]
tests/test_docx_validation.py ..                                         [ 31%]
tests/test_domain_knowledge_embeddings.py ......                         [ 33%]
tests/test_domain_matching.py .....                                      [ 34%]
tests/test_dual_upload_key_alignment.py F                                [ 35%]
tests/test_dynamic_geo_heading_service.py ...                            [ 35%]
tests/test_dynamic_scoring_prefilter_service.py ...                      [ 36%]
tests/test_dynamic_taxonomy_evidence.py .......                          [ 38%]
tests/test_dynamic_taxonomy_service.py ..                                [ 39%]
tests/test_embedding_service.py .....                                    [ 40%]
tests/test_embedding_similarity.py .                                     [ 40%]
tests/test_enterprise_performance.py .....                               [ 42%]
tests/test_experience_calculator.py .....                                [ 43%]
tests/test_experience_canonical.py ....                                  [ 44%]
tests/test_experience_date_formats.py ...                                [ 45%]
tests/test_frontend_polling_e2e.py ..                                    [ 46%]
tests/test_hybrid_matching_pipeline.py ....                              [ 47%]
tests/test_job_context.py ...                                            [ 48%]
tests/test_job_repository.py .....                                       [ 49%]
tests/test_lightweight_runtime.py ...                                    [ 50%]
tests/test_llm_domain_validation.py ........                             [ 52%]
tests/test_llm_optimization.py .....                                     [ 53%]
tests/test_phase0_contracts.py .......                                   [ 55%]
tests/test_phase2_identity_cache.py ............                         [ 59%]
tests/test_phase3_structured_processing.py .....                         [ 60%]
tests/test_phase4_background_processing.py .........                     [ 63%]
tests/test_phase5_ollama_standardization.py ..............               [ 66%]
tests/test_phase6_api_reliability.py F...........                        [ 70%]
tests/test_profiler.py ...                                               [ 71%]
tests/test_prompt_service.py ....                                        [ 72%]
tests/test_qwen_llm_service.py .......                                   [ 74%]
tests/test_rule_config_manager.py .................                      [ 78%]
tests/test_scale_benchmark.py ..