============================= test session starts ==============================
platform darwin -- Python 3.12.13, pytest-9.1.1, pluggy-1.6.0 -- /Users/khushaldhanani/Desktop/AETHERIND/cv-analyzer/backend/.venv/bin/python
cachedir: .pytest_cache
rootdir: /Users/khushaldhanani/Desktop/AETHERIND/cv-analyzer/backend
configfile: pyproject.toml
plugins: asyncio-1.4.0, anyio-4.14.2, Faker-40.36.0
asyncio: mode=Mode.STRICT, debug=False, asyncio_default_fixture_loop_scope=None, asyncio_default_test_loop_scope=function
collecting ... collected 360 items

tests/api/test_experience_extraction_api.py::test_extract_experience_api_success PASSED [  0%]
tests/api/test_experience_extraction_api.py::test_extract_experience_api_validation_error PASSED [  0%]
tests/test_ai_recommendations.py::test_candidate_recommendations_all_domains PASSED [  0%]
tests/test_ai_recommendations.py::test_candidate_recommendations_empty_state PASSED [  1%]
tests/test_ai_recommendations.py::test_vacancy_recommendations PASSED    [  1%]
tests/test_ai_recommendations.py::test_internal_talent_pools PASSED      [  1%]
tests/test_ai_recommendations.py::test_recommendations_api_endpoints PASSED [  1%]
tests/test_audit_fixes.py::test_document_cache_roundtrip PASSED          [  2%]
tests/test_audit_fixes.py::test_document_cache_miss_fallback PASSED      [  2%]
tests/test_audit_fixes.py::test_llm_cache_entry_full_metadata PASSED     [  2%]
tests/test_audit_fixes.py::test_llm_cache_entry_roundtrip_reconstructs_validated_object PASSED [  3%]
tests/test_audit_fixes.py::test_llm_cache_entry_backward_compatible PASSED [  3%]
tests/test_audit_fixes.py::test_document_cache_different_hash_no_collision PASSED [  3%]
tests/test_audit_fixes.py::test_redis_result_repository_caching PASSED   [  3%]
tests/test_audit_fixes.py::test_redis_llm_repository_caching PASSED      [  4%]
tests/test_audit_fixes.py::test_cv_upload_background_task_returns_processing_status PASSED [  4%]
tests/test_audit_fixes.py::test_vacancy_cache_compute_hash PASSED        [  4%]
tests/test_audit_fixes.py::test_vacancy_cache_is_stale PASSED            [  5%]
tests/test_audit_fixes.py::test_vacancy_cache_get_all_jobs_cached PASSED [  5%]
tests/test_audit_fixes.py::test_vacancy_cache_stale_triggers_refetch PASSED [  5%]
tests/test_audit_fixes.py::test_vacancy_cache_invalidate PASSED          [  5%]
tests/test_audit_fixes.py::test_vacancy_cache_no_db_fallback FAILED      [  6%]
tests/test_audit_fixes.py::test_embedding_cache_roundtrip PASSED         [  6%]
tests/test_audit_fixes.py::test_embedding_cache_different_model_version PASSED [  6%]
tests/test_audit_fixes.py::test_embedding_cache_content_change PASSED    [  6%]
tests/test_audit_fixes.py::test_cosine_similarity PASSED                 [  7%]
tests/test_audit_fixes.py::test_embedding_disabled_when_config_off PASSED [  7%]
tests/test_audit_fixes.py::test_embedding_cache_different_content_same_model PASSED [  7%]
tests/test_audit_fixes.py::test_match_result_cache_key_includes_version_components PASSED [  8%]
tests/test_audit_fixes.py::test_match_result_cache_roundtrip PASSED      [  8%]
tests/test_audit_fixes.py::test_match_result_cache_different_document_hash PASSED [  8%]
tests/test_audit_fixes.py::test_match_result_cache_invalidated_by_version_change PASSED [  8%]
tests/test_audit_fixes.py::test_cache_invalidator_cv PASSED              [  9%]
tests/test_audit_fixes.py::test_cache_invalidator_candidate PASSED       [  9%]
tests/test_audit_fixes.py::test_cache_invalidator_vacancies PASSED       [  9%]
tests/test_audit_fixes.py::test_cache_invalidator_prompt PASSED          [ 10%]
tests/test_audit_fixes.py::test_cache_invalidator_llm_model PASSED       [ 10%]
tests/test_audit_fixes.py::test_cache_invalidator_extraction PASSED      [ 10%]
tests/test_audit_fixes.py::test_cache_invalidator_embedding_model PASSED [ 10%]
tests/test_audit_fixes.py::test_invalidate_cv_multi_tier PASSED          [ 11%]
tests/test_audit_fixes.py::test_cache_manager_tier_simplification PASSED [ 11%]
tests/test_audit_fixes.py::test_startup_warns_and_proceeds_when_redis_inactive PASSED [ 11%]
tests/test_audit_fixes.py::test_cache_delete_by_pattern PASSED           [ 11%]
tests/test_audit_fixes.py::test_cache_index_roundtrip PASSED             [ 12%]
tests/test_audit_fixes.py::test_master_data_cache_roundtrip PASSED       [ 12%]
tests/test_audit_fixes.py::test_master_data_api_returns_cached_data PASSED [ 12%]
tests/test_audit_fixes.py::test_master_data_api_returns_empty_list_when_not_cached PASSED [ 13%]
tests/test_audit_fixes.py::test_cache_warmer_warm_all_handles_no_db PASSED [ 13%]
tests/test_audit_fixes.py::test_cache_warmer_warm_vacancies_handles_no_db PASSED [ 13%]
tests/test_audit_fixes.py::test_background_warmup_fails_gracefully PASSED [ 13%]
tests/test_audit_fixes.py::test_cli_warmup_does_not_raise PASSED         [ 14%]
tests/test_audit_fixes.py::test_docx_upload_full_pipeline PASSED         [ 14%]
tests/test_audit_fixes.py::test_get_stable_cv_key_case_normalization PASSED [ 14%]
tests/test_audit_fixes.py::test_result_repository_resolve_result_with_prefix_variation PASSED [ 15%]
tests/test_batch_processing.py::test_document_parser_timeout PASSED      [ 15%]
tests/test_batch_processing.py::test_batch_scan_returns_empty_for_missing_directory PASSED [ 15%]
tests/test_cache_hit_persistence.py::test_cache_hit_persistence_and_sync PASSED [ 15%]
tests/test_candidate_context.py::test_candidate_analysis_context_creation PASSED [ 16%]
tests/test_candidate_context.py::test_taxonomy_classifier_caching PASSED [ 16%]
tests/test_candidate_context.py::test_scoring_engine_parity_with_context PASSED [ 16%]
tests/test_candidate_context.py::test_match_evaluators_direct PASSED     [ 16%]
tests/test_candidate_embedding.py::test_candidate_side_embedding_end_to_end_with_external_systems_mocked PASSED [ 17%]
tests/test_candidate_semantic_search.py::test_candidate_semantic_query_vector_ranking PASSED [ 17%]
tests/test_candidate_semantic_search.py::test_combined_vector_and_structured_filters PASSED [ 17%]
tests/test_candidate_semantic_search.py::test_candidates_search_api_post_endpoint PASSED [ 18%]
tests/test_candidate_semantic_search.py::test_candidates_get_endpoint_semantic_query PASSED [ 18%]
tests/test_classification_normalization.py::TestNormalizedClassification::test_db_match_creation PASSED [ 18%]
tests/test_classification_normalization.py::TestNormalizedClassification::test_no_suitable_match_creation PASSED [ 18%]
tests/test_classification_normalization.py::TestNormalizedClassification::test_ai_suggestion_attached PASSED [ 19%]
tests/test_classification_normalization.py::TestNormalizedClassification::test_confidence_bounds PASSED [ 19%]
tests/test_classification_normalization.py::TestDepartmentNormalizer::test_normalize_department_empty PASSED [ 19%]
tests/test_classification_normalization.py::TestDepartmentNormalizer::test_normalize_department_empty_string PASSED [ 20%]
tests/test_classification_normalization.py::TestDepartmentNormalizer::test_normalize_designation_empty PASSED [ 20%]
tests/test_classification_normalization.py::TestDepartmentNormalizer::test_normalize_designation_sr_expansion PASSED [ 20%]
tests/test_classification_normalization.py::TestDepartmentNormalizer::test_normalize_designation_jr_expansion PASSED [ 20%]
tests/test_classification_normalization.py::TestSeedIndustryLabels::test_all_active_entries_have_industry_label PASSED [ 21%]
tests/test_classification_normalization.py::TestSeedIndustryLabels::test_cis_team_no_broad_keywords PASSED [ 21%]
tests/test_cross_domain_guard_db_driven.py::TestCrossDomainGuardDbDriven::test_cross_domain_guard_uses_family_compatibility PASSED [ 21%]
tests/test_cross_domain_guard_db_driven.py::TestCrossDomainGuardDbDriven::test_candidate_context_no_hardcoded_sw_patterns PASSED [ 21%]
tests/test_cross_domain_guard_db_driven.py::TestCrossDomainGuardDbDriven::test_apply_optimized_profile_no_hardcoded_sw_patterns PASSED [ 22%]
tests/test_cross_domain_guard_db_driven.py::TestCrossDomainGuardDbDriven::test_same_family_is_compatible PASSED [ 22%]
tests/test_cross_domain_guard_db_driven.py::TestCrossDomainGuardDbDriven::test_it_software_family_name_constant PASSED [ 22%]
tests/test_cv_extraction.py::test_document_parser_extracts_docx PASSED   [ 23%]
tests/test_cv_extraction.py::test_text_sanitizer_collapses_spaced_headings_and_cleans_images PASSED [ 23%]
tests/test_cv_extraction.py::test_quality_metrics_calculator PASSED      [ 23%]
tests/test_cv_extraction.py::test_resume_json_extractor PASSED           [ 23%]
tests/test_cv_extraction.py::test_document_parser_rejects_empty_file PASSED [ 24%]
tests/test_cv_extraction.py::test_document_parser_rejects_invalid_extension PASSED [ 24%]
tests/test_cv_extraction.py::test_api_upload_cv_endpoint FAILED          [ 24%]
tests/test_cv_extraction.py::test_api_upload_rejects_invalid_file_extension PASSED [ 25%]
tests/test_cv_extraction.py::test_deterministic_name_extraction_rejects_job_titles PASSED [ 25%]
tests/test_cv_extraction.py::test_deterministic_name_extraction_email_fallback PASSED [ 25%]
tests/test_cv_extraction.py::test_deterministic_name_extraction_filename_fallback PASSED [ 25%]
tests/test_cv_idempotency.py::test_get_stable_cv_key PASSED              [ 26%]
tests/test_cv_idempotency.py::test_cv_processing_idempotency_and_cache_hit PASSED [ 26%]
tests/test_cv_idempotency.py::test_cv_content_change_reprocesses PASSED  [ 26%]
tests/test_cv_idempotency.py::test_schema_version_change_reprocesses PASSED [ 26%]
tests/test_cv_idempotency.py::test_concurrent_processing_protection PASSED [ 27%]
tests/test_cv_idempotency.py::test_same_filename_different_candidates_do_not_overwrite PASSED [ 27%]
tests/test_date_interval_parser.py::test_spanish_french_german_dates PASSED [ 27%]
tests/test_date_interval_parser.py::test_seasons_and_quarters PASSED     [ 28%]
tests/test_date_interval_parser.py::test_fuzzy_and_partial_date_ranges PASSED [ 28%]
tests/test_department_domain_repository.py::test_seed_matches_legacy_map_values PASSED [ 28%]
tests/test_department_domain_repository.py::test_get_domain_by_department PASSED [ 28%]
tests/test_department_domain_repository.py::test_get_domain_by_department_with_custom_data PASSED [ 29%]
tests/test_department_domain_repository.py::test_refresh_cache_reloads_data PASSED [ 29%]
tests/test_department_domain_repository.py::test_domain_matchers_are_precompiled PASSED [ 29%]
tests/test_department_domain_repository.py::test_extract_candidate_domain_profile_maps_to_real_departments PASSED [ 30%]
tests/test_department_domain_repository.py::test_extract_candidate_domain_profile_generic_fallback PASSED [ 30%]
tests/test_department_domain_repository.py::test_new_department_works_without_code_change PASSED [ 30%]
tests/test_department_domain_repository.py::test_build_domain_candidate_text_infers_departments PASSED [ 30%]
tests/test_department_domain_repository.py::test_thread_safety_smoke PASSED [ 31%]
tests/test_docx_validation.py::test_invalid_docx_structure_validation_error PASSED [ 31%]
tests/test_docx_validation.py::test_docx_missing_document_xml_error PASSED [ 31%]
tests/test_domain_knowledge_embeddings.py::test_domain_categories_supported PASSED [ 31%]
tests/test_domain_knowledge_embeddings.py::test_semantic_equivalent_skills_resolution PASSED [ 32%]
tests/test_domain_knowledge_embeddings.py::test_skill_expansion_with_equivalents PASSED [ 32%]
tests/test_domain_knowledge_embeddings.py::test_deterministic_mandatory_requirement_authority_preserved PASSED [ 32%]
tests/test_domain_knowledge_embeddings.py::test_domain_knowledge_categories_api PASSED [ 33%]
tests/test_domain_knowledge_embeddings.py::test_domain_knowledge_equivalents_api PASSED [ 33%]
tests/test_domain_matching.py::test_extract_candidate_domain_profile_software PASSED [ 33%]
tests/test_domain_matching.py::test_extract_candidate_domain_profile_finance PASSED [ 33%]
tests/test_domain_matching.py::test_domain_mismatch_penalty_software_vs_plant PASSED [ 34%]
tests/test_domain_matching.py::test_no_suitable_active_vacancy_summary PASSED [ 34%]
tests/test_domain_matching.py::test_genuine_active_vacancy_match PASSED  [ 34%]
tests/test_dual_upload_key_alignment.py::test_dual_upload_key_alignment_and_single_raw_file FAILED [ 35%]
tests/test_dynamic_geo_heading_service.py::test_gazetteer_resolution PASSED [ 35%]
tests/test_dynamic_geo_heading_service.py::test_name_denylist_resolution PASSED [ 35%]
tests/test_dynamic_geo_heading_service.py::test_section_headings_resolution PASSED [ 35%]
tests/test_dynamic_scoring_prefilter_service.py::test_get_stop_words PASSED [ 36%]
tests/test_dynamic_scoring_prefilter_service.py::test_get_prefilter_rules PASSED [ 36%]
tests/test_dynamic_scoring_prefilter_service.py::test_get_tenant_scoring_profile PASSED [ 36%]
tests/test_dynamic_taxonomy_evidence.py::TestDynamicTaxonomyFallback::test_fallback_returns_no_suitable_match PASSED [ 36%]
tests/test_dynamic_taxonomy_evidence.py::TestDynamicTaxonomyFallback::test_fallback_has_evidence PASSED [ 37%]
tests/test_dynamic_taxonomy_evidence.py::TestDynamicTaxonomyFallback::test_fallback_evidence_matched_against_is_none PASSED [ 37%]
tests/test_dynamic_taxonomy_evidence.py::TestDynamicTaxonomyFallback::test_empty_input_uses_fallback PASSED [ 37%]
tests/test_dynamic_taxonomy_evidence.py::TestDynamicTaxonomyFallback::test_result_has_correct_fields PASSED [ 38%]
tests/test_dynamic_taxonomy_evidence.py::TestJobTaxonomyFieldCompatibility::test_classify_vacancy_dto_does_not_crash PASSED [ 38%]
tests/test_dynamic_taxonomy_evidence.py::TestJobTaxonomyFieldCompatibility::test_classify_candidate_dto_does_not_crash PASSED [ 38%]
tests/test_dynamic_taxonomy_service.py::test_resolve_exact_or_fallback PASSED [ 38%]
tests/test_dynamic_taxonomy_service.py::test_add_dynamic_designation PASSED [ 39%]
tests/test_embedding_service.py::test_embedding_metrics_and_caching PASSED [ 39%]
tests/test_embedding_service.py::test_embedding_non_blocking_on_failure PASSED [ 39%]
tests/test_embedding_service.py::test_embedding_version_tracking PASSED  [ 40%]
tests/test_embedding_service.py::test_single_embedding_in_cv_pipeline PASSED [ 40%]
tests/test_embedding_service.py::test_reset_metrics PASSED               [ 40%]
tests/test_embedding_similarity.py::test_embedding_similarity_comparison PASSED [ 40%]
tests/test_enterprise_performance.py::test_async_batch_embedding_generation PASSED [ 41%]
tests/test_enterprise_performance.py::test_multilevel_caching_l1_l2 PASSED [ 41%]
tests/test_enterprise_performance.py::test_intelligent_cache_invalidation PASSED [ 41%]
tests/test_enterprise_performance.py::test_performance_metrics_endpoint PASSED [ 41%]
tests/test_enterprise_performance.py::test_cache_invalidate_endpoint PASSED [ 42%]
tests/test_experience_calculator.py::test_parse_date PASSED              [ 42%]
tests/test_experience_calculator.py::test_extract_date_range PASSED      [ 42%]
tests/test_experience_calculator.py::test_calculate_total_experience_simple PASSED [ 43%]
tests/test_experience_calculator.py::test_calculate_total_experience_overlapping PASSED [ 43%]
tests/test_experience_calculator.py::test_calculate_total_experience_explicit_override PASSED [ 43%]
tests/test_experience_canonical.py::test_real_candidate_utkarsh_patil_dates PASSED [ 43%]
tests/test_experience_canonical.py::test_canonical_experience_calculation_utkarsh_patil PASSED [ 44%]
tests/test_experience_canonical.py::test_unsupported_date_logging PASSED [ 44%]
tests/test_experience_canonical.py::test_overlapping_and_same_month_roles PASSED [ 44%]
tests/test_experience_date_formats.py::test_date_range_regex_extraction PASSED [ 45%]
tests/test_experience_date_formats.py::test_experience_calculator_date_formats PASSED [ 45%]
tests/test_experience_date_formats.py::test_unspaced_hyphen_and_short_years PASSED [ 45%]
tests/test_frontend_polling_e2e.py::test_frontend_polling_match_status_completion PASSED [ 45%]
tests/test_frontend_polling_e2e.py::test_frontend_polling_cv_status_completion PASSED [ 46%]
tests/test_hybrid_matching_pipeline.py::test_full_hybrid_matching_pipeline_execution_sequence PASSED [ 46%]
tests/test_hybrid_matching_pipeline.py::test_embeddings_only_retrieve_candidates_never_determine_final_score PASSED [ 46%]
tests/test_hybrid_matching_pipeline.py::test_explainability_and_mandatory_requirements PASSED [ 46%]
tests/test_hybrid_matching_pipeline.py::test_confidence_gate_bypasses_llm_for_unambiguous_matches PASSED [ 47%]
tests/test_job_context.py::test_job_evaluation_context_creation PASSED   [ 47%]
tests/test_job_context.py::test_job_evaluation_context_from_jobs PASSED  [ 47%]
tests/test_job_context.py::test_scoring_engine_parity_with_job_context PASSED [ 48%]
tests/test_job_repository.py::test_job_preprocessor_single PASSED        [ 48%]
tests/test_job_repository.py::test_job_repository_get_all_jobs_default_fallback FAILED [ 48%]
tests/test_job_repository.py::test_job_repository_cache_hit FAILED       [ 48%]
tests/test_job_repository.py::test_job_repository_get_job_by_id FAILED   [ 49%]
tests/test_job_repository.py::test_job_repository_version_hash PASSED    [ 49%]
tests/test_lightweight_runtime.py::test_document_converter_initialization_is_lazy_and_reused PASSED [ 49%]
tests/test_lightweight_runtime.py::test_document_parser_defaults_to_single_worker PASSED [ 50%]
tests/test_lightweight_runtime.py::test_native_first_mode_skips_docling_for_text_rich_pdf PASSED [ 50%]
tests/test_llm_domain_validation.py::TestLLMDomainValidation::test_create_validates_llm_domain PASSED [ 50%]
tests/test_llm_domain_validation.py::TestLLMDomainValidation::test_apply_optimized_profile_validates_llm_domain PASSED [ 50%]
tests/test_llm_domain_validation.py::TestLLMDomainValidation::test_create_no_blind_llm_override PASSED [ 51%]
tests/test_llm_domain_validation.py::TestLLMDomainValidation::test_apply_optimized_profile_no_blind_llm_override PASSED [ 51%]
tests/test_llm_domain_validation.py::TestLLMDomainValidation::test_warning_logged_for_invalid_domain PASSED [ 51%]
tests/test_llm_domain_validation.py::TestLLMDomainValidation::test_optimized_match_prompt_has_no_suitable_match_instruction PASSED [ 51%]
tests/test_llm_domain_validation.py::TestLLMDomainValidation::test_optimized_match_prompt_injects_dept_list PASSED [ 52%]
tests/test_llm_domain_validation.py::TestLLMDomainValidation::test_optimized_match_prompt_requires_evidence_citation PASSED [ 52%]
tests/test_llm_optimization.py::test_vacancy_prefilter PASSED            [ 52%]
tests/test_llm_optimization.py::test_pipeline_profiler PASSED            [ 53%]
tests/test_llm_optimization.py::test_composite_cache_hash_and_repository PASSED [ 53%]
tests/test_llm_optimization.py::test_build_optimized_match_prompt PASSED [ 53%]
tests/test_llm_optimization.py::test_end_to_end_optimized_match_service PASSED [ 53%]
tests/test_phase0_contracts.py::test_every_application_route_has_an_access_policy PASSED [ 54%]
tests/test_phase0_contracts.py::test_openapi_path_and_method_snapshot_matches_access_policy PASSED [ 54%]
tests/test_phase0_contracts.py::test_success_response_field_snapshots_are_stable PASSED [ 54%]
tests/test_phase0_contracts.py::test_compatibility_aliases_reference_existing_routes PASSED [ 55%]
tests/test_phase0_contracts.py::test_legacy_job_states_normalize_to_canonical_states PASSED [ 55%]
tests/test_phase0_contracts.py::test_job_state_contract_round_trips_to_legacy_polling_shape PASSED [ 55%]
tests/test_phase0_contracts.py::test_canonical_error_retains_legacy_detail_adapter PASSED [ 55%]
tests/test_phase2_identity_cache.py::test_canonical_identity_prefers_supplied_ids_and_retains_legacy_alias PASSED [ 56%]
tests/test_phase2_identity_cache.py::test_same_filename_is_isolated_by_candidate_identity PASSED [ 56%]
tests/test_phase2_identity_cache.py::test_changed_legacy_content_is_reported_as_collision PASSED [ 56%]
tests/test_phase2_identity_cache.py::test_upload_endpoint_returns_409_for_legacy_identity_collision PASSED [ 56%]
tests/test_phase2_identity_cache.py::test_same_supplied_identity_can_change_content PASSED [ 57%]
tests/test_phase2_identity_cache.py::test_legacy_filename_key_resolves_one_canonical_result PASSED [ 57%]
tests/test_phase2_identity_cache.py::test_ambiguous_legacy_filename_key_does_not_choose_a_candidate PASSED [ 57%]
tests/test_phase2_identity_cache.py::test_document_cache_key_isolated_by_content_parser_and_schema_versions PASSED [ 58%]
tests/test_phase2_identity_cache.py::test_llm_match_cache_key_includes_every_matching_input PASSED [ 58%]
tests/test_phase2_identity_cache.py::test_match_result_cache_key_includes_every_matching_input PASSED [ 58%]
tests/test_phase2_identity_cache.py::test_matching_vacancy_version_changes_with_requirement_content PASSED [ 58%]
tests/test_phase2_identity_cache.py::test_match_service_hashes_raw_text_when_hash_is_missing PASSED [ 59%]
tests/test_phase3_structured_processing.py::test_document_parser_is_a_compatibility_facade PASSED [ 59%]
tests/test_phase3_structured_processing.py::test_normalized_resume_retains_raw_values_confidence_and_evidence PASSED [ 59%]
tests/test_phase3_structured_processing.py::test_candidate_context_keeps_dates_authoritative_and_uses_llm_only_as_fallback PASSED [ 60%]
tests/test_phase3_structured_processing.py::test_match_service_reuses_candidate_and_job_contexts PASSED [ 60%]
tests/test_phase3_structured_processing.py::test_match_service_does_not_reparse_supplied_resume PASSED [ 60%]
tests/test_phase4_background_processing.py::test_job_is_persisted_before_rq_enqueue_and_duplicate_submission_is_idempotent PASSED [ 60%]
tests/test_phase4_background_processing.py::test_changed_content_gets_an_isolated_processing_job PASSED [ 61%]
tests/test_phase4_background_processing.py::test_duplicate_force_reprocess_reuses_an_active_job PASSED [ 61%]
tests/test_phase4_background_processing.py::test_redis_outage_uses_only_the_explicit_development_fallback PASSED [ 61%]
tests/test_phase4_background_processing.py::test_production_redis_outage_fails_instead_of_using_fastapi_background_tasks PASSED [ 61%]
tests/test_phase4_background_processing.py::test_worker_revalidates_source_and_persists_completion PASSED [ 62%]
tests/test_phase4_background_processing.py::test_worker_marks_retry_state_before_rq_rethrows PASSED [ 62%]
tests/test_phase4_background_processing.py::test_unknown_polling_job_returns_real_not_found_after_compatibility_period[cv] PASSED [ 62%]
tests/test_phase4_background_processing.py::test_unknown_polling_job_returns_real_not_found_after_compatibility_period[match] PASSED [ 63%]
tests/test_phase5_ollama_standardization.py::test_transport_reuses_one_pooled_client PASSED [ 63%]
tests/test_phase5_ollama_standardization.py::test_generation_cache_hit_skips_transport PASSED [ 63%]
tests/test_phase5_ollama_standardization.py::test_transport_retries_connection_error_then_succeeds PASSED [ 63%]
tests/test_phase5_ollama_standardization.py::test_transport_uses_exponential_backoff PASSED [ 64%]
tests/test_phase5_ollama_standardization.py::test_transport_applies_uniform_timeout_retries PASSED [ 64%]
tests/test_phase5_ollama_standardization.py::test_invalid_generation_json_returns_fallback_after_retries PASSED [ 64%]
tests/test_phase5_ollama_standardization.py::test_generation_schema_failure_returns_fallback_after_retries PASSED [ 65%]
tests/test_phase5_ollama_standardization.py::test_unavailable_model_is_mapped_without_retry PASSED [ 65%]
tests/test_phase5_ollama_standardization.py::test_embedding_service_routes_through_shared_transport PASSED [ 65%]
tests/test_phase5_ollama_standardization.py::test_batch_embedding_does_not_fan_out_to_single_inputs PASSED [ 65%]
tests/test_phase5_ollama_standardization.py::test_disabled_llm_returns_fallback_without_transport PASSED [ 66%]
tests/test_phase5_ollama_standardization.py::test_transport_serializes_parallel_ollama_calls PASSED [ 66%]
tests/test_phase5_ollama_standardization.py::test_embedding_rejects_non_finite_values_and_still_unloads PASSED [ 66%]
tests/test_phase5_ollama_standardization.py::test_embedding_chunks_share_one_model_scope_and_unload_once PASSED [ 66%]
tests/test_phase6_api_reliability.py::test_concrete_paths_resolve_characterized_access_tiers FAILED [ 67%]
tests/test_phase6_api_reliability.py::test_trusted_cors_configuration_never_contains_wildcard PASSED [ 67%]
tests/test_phase6_api_reliability.py::test_authentication_and_role_authorization PASSED [ 67%]
tests/test_phase6_api_reliability.py::test_production_authentication_fails_closed PASSED [ 68%]
tests/test_phase6_api_reliability.py::test_unhandled_exception_returns_stable_envelope_without_trace PASSED [ 68%]
tests/test_phase6_api_reliability.py::test_framework_not_found_uses_stable_error_envelope PASSED [ 68%]
tests/test_phase6_api_reliability.py::test_validation_envelope_omits_submitted_cv_text PASSED [ 68%]
tests/test_phase6_api_reliability.py::test_json_content_length_limit_returns_413 PASSED [ 69%]
tests/test_phase6_api_reliability.py::test_raw_cv_and_feedback_models_enforce_length_constraints PASSED [ 69%]
tests/test_phase6_api_reliability.py::test_rate_limit_returns_stable_429 PASSED [ 69%]
tests/test_phase6_api_reliability.py::test_failed_polling_response_scrubs_historical_traceback PASSED [ 70%]
tests/test_phase6_api_reliability.py::test_production_lifecycle_never_mutates_schema PASSED [ 70%]
tests/test_profiler.py::test_pipeline_profiler_stage_timing PASSED       [ 70%]
tests/test_profiler.py::test_pipeline_profiler_cache_events_and_json PASSED [ 70%]
tests/test_profiler.py::test_scoring_engine_profiler_integration PASSED  [ 71%]
tests/test_prompt_service.py::test_placeholder_extraction ERROR          [ 71%]
tests/test_prompt_service.py::test_prompt_fallback_chain ERROR           [ 71%]
tests/test_prompt_service.py::test_missing_placeholder ERROR             [ 71%]
tests/test_prompt_service.py::test_activation_validation ERROR           [ 72%]
tests/test_qwen_llm_service.py::test_ollama_default_model_is_qwen3_4b PASSED [ 72%]
tests/test_qwen_llm_service.py::test_extract_candidate_profile_payload_and_prompt PASSED [ 72%]
tests/test_qwen_llm_service.py::test_call_qwen_scoring_payload_and_prompt PASSED [ 73%]
tests/test_qwen_llm_service.py::test_call_qwen_dynamic_scoring_payload_and_prompt PASSED [ 73%]
tests/test_qwen_llm_service.py::test_run_optimized_match_scoring_payload_and_prompt PASSED [ 73%]
tests/test_qwen_llm_service.py::test_ollama_unload_model_sends_keep_alive_zero PASSED [ 73%]
tests/test_qwen_llm_service.py::test_domain_embedding_read_only_disables_live_generation PASSED [ 74%]
tests/test_rule_config_manager.py::test_rule_config_manager_loads_valid_default_config PASSED [ 74%]
tests/test_rule_config_manager.py::test_rule_config_manager_enforces_override_reason_invariant PASSED [ 74%]
tests/test_rule_config_manager.py::test_rule_config_manager_enforces_email_fallback_safety_invariant PASSED [ 75%]
tests/test_rule_config_manager.py::test_rule_config_manager_enforces_medium_min_decoupling_invariant PASSED [ 75%]
tests/test_rule_config_manager.py::test_rule_config_manager_synthetic_smoke_tests_pass PASSED [ 75%]
tests/test_rule_config_manager.py::test_get_confidence_tier_calculation PASSED [ 75%]
tests/test_rule_config_manager.py::test_scoring_accessors_expose_data_driven_rules PASSED [ 76%]
tests/test_rule_config_manager.py::test_term_matching_assets_are_cached_and_normalized PASSED [ 76%]
tests/test_rule_config_manager.py::test_cross_domain_guard_assets_are_normalized PASSED [ 76%]
tests/test_rule_config_manager.py::test_compiled_regex_cache_normalizes_headings_and_detects_sections PASSED [ 76%]
tests/test_rule_config_manager.py::test_cache_invalidation_on_config_reload PASSED [ 77%]
tests/test_rule_config_manager.py::test_taxonomy_invariant_rejects_unknown_rule_domain PASSED [ 77%]
tests/test_rule_config_manager.py::test_resume_quality_invariant_rejects_unordered_density_tiers PASSED [ 77%]
tests/test_rule_config_manager.py::test_rule_config_manager_metrics_and_reload PASSED [ 78%]
tests/test_rule_config_manager.py::test_custom_business_states_can_be_added_to_workflow PASSED [ 78%]
tests/test_rule_config_manager.py::test_tenant_isolation_in_active_configs PASSED [ 78%]
tests/test_rule_config_manager.py::test_cache_fallback_handles_missing_db PASSED [ 78%]
tests/test_scale_benchmark.py::test_scale_benchmark_throughput_and_memory[100] PASSED [ 79%]
tests/test_scale_benchmark.py::test_scale_benchmark_throughput_and_memory[1000] PASSED [ 79%]
tests/test_scale_benchmark.py::test_scale_benchmark_throughput_and_memory[10000] PASSED [ 79%]
tests/test_scoring_engine.py::test_scoring_engine_high_match FAILED      [ 80%]
tests/test_scoring_engine.py::test_scoring_engine_medium_match FAILED    [ 80%]
tests/test_scoring_engine.py::test_scoring_engine_low_match_never_rejects FAILED [ 80%]
tests/test_scoring_engine.py::test_api_cv_match_endpoint FAILED          [ 80%]
tests/test_scoring_engine.py::test_evaluate_job_match_with_custom_scoring_config PASSED [ 81%]
tests/test_semantic_vacancy_retrieval.py::test_stage1_semantic_retrieval_narrows_openings PASSED [ 81%]
tests/test_semantic_vacancy_retrieval.py::test_fallback_when_embedding_disabled PASSED [ 81%]
tests/test_semantic_vacancy_retrieval.py::test_scoring_engine_retains_final_ranking_authority PASSED [ 81%]
tests/test_similar_candidate_detection.py::test_detect_similar_candidates_above_threshold PASSED [ 82%]
tests/test_similar_candidate_detection.py::test_duplicate_flag_identification PASSED [ 82%]
tests/test_similar_candidate_detection.py::test_no_false_merges_records_preserved PASSED [ 82%]
tests/test_similar_candidate_detection.py::test_candidate_360_similar_candidates_api PASSED [ 83%]
tests/test_talent_knowledge_graph.py::test_candidate_360_graph_generation PASSED [ 83%]
tests/test_talent_knowledge_graph.py::test_vacancy_360_graph_generation PASSED [ 83%]
tests/test_talent_knowledge_graph.py::test_skill_intelligence_graph FAILED [ 83%]
tests/test_talent_knowledge_graph.py::test_recruitment_analytics_graph FAILED [ 84%]
tests/test_talent_knowledge_graph.py::test_talent_graph_api_endpoints FAILED [ 84%]
tests/test_tarun_gupta_pipeline.py::test_tarun_gupta_flutter_retrieval_and_ranking_with_external_systems_mocked PASSED [ 84%]
tests/test_taxonomy_integration.py::test_desktop_support_classified_as_information_technology PASSED [ 85%]
tests/test_taxonomy_integration.py::test_desktop_support_excludes_non_it_vacancies_before_retrieval PASSED [ 85%]
tests/test_taxonomy_integration.py::test_software_developer_classified_as_information_technology PASSED [ 85%]
tests/test_taxonomy_integration.py::test_software_developer_excludes_non_it_vacancies_before_retrieval PASSED [ 85%]
tests/test_taxonomy_integration.py::test_mechanical_engineer_domain_profile PASSED [ 86%]
tests/test_taxonomy_integration.py::test_mechanical_engineer_no_taxonomy_pruning_today PASSED [ 86%]
tests/test_taxonomy_integration.py::test_no_suitable_vacancy_returns_recommended_department_and_families_only PASSED [ 86%]
tests/test_taxonomy_integration.py::test_taxonomy_constants_consistent_with_rule_config PASSED [ 86%]
tests/test_taxonomy_integration.py::test_taxonomy_classifier_roles_and_metrics FAILED [ 87%]
tests/test_two_stage_matching.py::test_mandatory_failure_reduces_score_and_requires_hr_review PASSED [ 87%]
tests/test_two_stage_matching.py::test_false_100_percent_prevention PASSED [ 87%]
tests/test_two_stage_matching.py::test_candidate_matching_all_explicit_requirements_scores_high PASSED [ 88%]
tests/test_two_stage_matching.py::test_unspecified_education_does_not_reduce_score PASSED [ 88%]
tests/test_two_stage_matching.py::test_dynamic_career_transition_detection PASSED [ 88%]
tests/test_two_stage_matching.py::test_dual_evidence_tracing PASSED      [ 88%]
tests/test_two_stage_matching.py::test_cross_industry_generalization PASSED [ 89%]
tests/test_upload_service.py::test_normalize_filename_removes_paths_unicode_and_unsafe_characters PASSED [ 89%]
tests/test_upload_service.py::test_bounded_reader_raises_413_before_validation PASSED [ 89%]
tests/test_upload_service.py::test_empty_upload_is_rejected_before_disk_write PASSED [ 90%]
tests/test_upload_service.py::test_valid_upload_is_persisted_atomically_with_server_name PASSED [ 90%]
tests/test_upload_service.py::test_invalid_signature_is_rejected_before_disk_write PASSED [ 90%]
tests/test_upload_service.py::test_declared_mime_must_match_extension PASSED [ 90%]
tests/test_upload_service.py::test_pdf_page_limit_is_configurable PASSED [ 91%]
tests/test_upload_service.py::test_damaged_pdf_structure_is_rejected PASSED [ 91%]
tests/test_upload_service.py::test_scanned_pdf_structure_is_accepted_and_classified PASSED [ 91%]
tests/test_upload_service.py::test_docx_entry_limit_is_configurable PASSED [ 91%]
tests/test_upload_service.py::test_docx_expanded_size_limit_is_configurable PASSED [ 92%]
tests/test_upload_service.py::test_docx_zip_bomb_compression_ratio_is_rejected PASSED [ 92%]
tests/test_upload_service.py::test_failure_cleanup_policy_can_remove_retained_raw_file PASSED [ 92%]
tests/test_upload_service.py::test_legacy_doc_and_txt_formats_are_rejected[resume.doc] PASSED [ 93%]
tests/test_upload_service.py::test_legacy_doc_and_txt_formats_are_rejected[resume.txt] PASSED [ 93%]
tests/test_upload_service.py::test_both_upload_routes_return_413_and_write_nothing PASSED [ 93%]
tests/test_upload_service.py::test_reprocess_missing_raw_returns_409_without_deleting_result PASSED [ 93%]
tests/test_vacancy_embeddings.py::test_build_vacancy_canonical_text_all_fields PASSED [ 94%]
tests/test_vacancy_embeddings.py::test_incremental_vacancy_embedding_skips_unchanged PASSED [ 94%]
tests/test_vacancy_embeddings.py::test_vacancy_content_change_triggers_reembedding PASSED [ 94%]
tests/test_vacancy_embeddings.py::test_save_and_get_vacancy_embedding_cache_fallback PASSED [ 95%]
tests/test_vacancy_prefilter.py::test_candidate_search_context_creation PASSED [ 95%]
tests/test_vacancy_prefilter.py::test_reciprocal_rank_fusion_service PASSED [ 95%]
tests/test_vacancy_prefilter.py::test_vacancy_prefilter_adaptive_retrieval_skip PASSED [ 95%]
tests/test_vacancy_prefilter.py::test_vacancy_prefilter_end_to_end_ranking PASSED [ 96%]
tests/test_vacancy_prefilter.py::test_single_pgvector_query_cache PASSED [ 96%]
tests/test_vector_db_integration.py::test_vector_db_status_endpoint PASSED [ 96%]
tests/test_vector_db_integration.py::test_vector_db_sync_endpoint PASSED [ 96%]
tests/test_vector_db_integration.py::test_vector_db_sync_background_failure_is_contained PASSED [ 97%]
tests/test_vector_db_integration.py::test_vacancy_sync_handles_legacy_none_metrics PASSED [ 97%]
tests/test_vector_db_integration.py::test_incremental_candidate_sync_skips_unchanged PASSED [ 97%]
tests/test_vector_db_integration.py::test_graceful_fallback_when_pg_unavailable PASSED [ 98%]
tests/test_work_experience_calculation_service.py::test_overlapping_jobs_merged PASSED [ 98%]
tests/test_work_experience_calculation_service.py::test_career_gaps_not_counted PASSED [ 98%]
tests/test_work_experience_extraction_service.py::test_extraction_engine_orchestration FAILED [ 98%]
tests/test_work_experience_post_processor.py::test_month_year_normalization PASSED [ 99%]
tests/test_work_experience_post_processor.py::test_ordinal_normalization PASSED [ 99%]
tests/test_work_experience_post_processor.py::test_year_only_policy_manual_review PASSED [ 99%]
tests/test_work_experience_post_processor.py::test_duplicate_ocr_records PASSED [100%]

==================================== ERRORS ====================================
________________ ERROR at setup of test_placeholder_extraction _________________

self = <sqlalchemy.engine.base.Connection object at 0x133878860>
engine = Engine(mssql+pyodbc://ReadOnly_User:***@172.25.1.160:1433/AIRIS_TEST?Encrypt=yes&TrustServerCertificate=yes&driver=ODBC+Driver+18+for+SQL+Server)
connection = None, _has_events = None, _allow_revalidate = True
_allow_autobegin = True

    def __init__(
        self,
        engine: Engine,
        connection: Optional[PoolProxiedConnection] = None,
        _has_events: Optional[bool] = None,
        _allow_revalidate: bool = True,
        _allow_autobegin: bool = True,
    ):
        """Construct a new Connection."""
        self.engine = engine
        self.dialect = dialect = engine.dialect
    
        if connection is None:
            try:
>               self._dbapi_connection = engine.raw_connection()
                                         ^^^^^^^^^^^^^^^^^^^^^^^

.venv/lib/python3.12/site-packages/sqlalchemy/engine/base.py:144: 
_ _ _ _ _ _ _ _ _ _ _ _ _ _ _ _ _ _ _ _ _ _ _ _ _ _ _ _ _ _ _ _ _ _ _ _ _ _ _ _ 
.venv/lib/python3.12/site-packages/sqlalchemy/engine/base.py:3319: in raw_connection
    return self.pool.connect()
           ^^^^^^^^^^^^^^^^^^^
.venv/lib/python3.12/site-packages/sqlalchemy/pool/base.py:448: in connect
    return _ConnectionFairy._checkout(self)
           ^^^^^^^^^^^^^^^^^^^^^^^^^^^^^^^^
.venv/lib/python3.12/site-packages/sqlalchemy/pool/base.py:1272: in _checkout
    fairy = _ConnectionRecord.checkout(pool)
            ^^^^^^^^^^^^^^^^^^^^^^^^^^^^^^^^
.venv/lib/python3.12/site-packages/sqlalchemy/pool/base.py:712: in checkout
    rec = pool._do_get()
          ^^^^^^^^^^^^^^
.venv/lib/python3.12/site-packages/sqlalchemy/pool/impl.py:178: in _do_get
    with util.safe_reraise():
         ^^^^^^^^^^^^^^^^^^^
.venv/lib/python3.12/site-packages/sqlalchemy/util/langhelpers.py:122: in __exit__
    raise exc_value.with_traceback(exc_tb)
.venv/lib/python3.12/site-packages/sqlalchemy/pool/impl.py:176: in _do_get
    return self._create_connection()
           ^^^^^^^^^^^^^^^^^^^^^^^^^
.venv/lib/python3.12/site-packages/sqlalchemy/pool/base.py:389: in _create_connection
    return _ConnectionRecord(self)
           ^^^^^^^^^^^^^^^^^^^^^^^
.venv/lib/python3.12/site-packages/sqlalchemy/pool/base.py:674: in __init__
    self.__connect()
.venv/lib/python3.12/site-packages/sqlalchemy/pool/base.py:900: in __connect
    with util.safe_reraise():
         ^^^^^^^^^^^^^^^^^^^
.venv/lib/python3.12/site-packages/sqlalchemy/util/langhelpers.py:122: in __exit__
    raise exc_value.with_traceback(exc_tb)
.venv/lib/python3.12/site-packages/sqlalchemy/pool/base.py:896: in __connect
    self.dbapi_connection = connection = pool._invoke_creator(self)
                                         ^^^^^^^^^^^^^^^^^^^^^^^^^^
.venv/lib/python3.12/site-packages/sqlalchemy/engine/create.py:667: in connect
    return dialect.connect(*cargs_tup, **cparams)
           ^^^^^^^^^^^^^^^^^^^^^^^^^^^^^^^^^^^^^^
_ _ _ _ _ _ _ _ _ _ _ _ _ _ _ _ _ _ _ _ _ _ _ _ _ _ _ _ _ _ _ _ _ _ _ _ _ _ _ _ 

self = <sqlalchemy.dialects.mssql.pyodbc.MSDialect_pyodbc object at 0x10d488650>
cargs = ('DRIVER={ODBC Driver 18 for SQL Server};Server=172.25.1.160,1433;Database=AIRIS_TEST;UID=ReadOnly_User;PWD=ReadOnly@230912;Encrypt=yes;TrustServerCertificate=yes',)
cparams = {}

    def connect(self, *cargs: Any, **cparams: Any) -> DBAPIConnection:
        # inherits the docstring from interfaces.Dialect.connect
>       return self.loaded_dbapi.connect(*cargs, **cparams)  # type: ignore[no-any-return]  # NOQA: E501
               ^^^^^^^^^^^^^^^^^^^^^^^^^^^^^^^^^^^^^^^^^^^^
E       pyodbc.InterfaceError: ('28000', "[28000] [Microsoft][ODBC Driver 18 for SQL Server][SQL Server]Login failed for user 'ReadOnly_User'. (18456) (SQLDriverConnect)")

.venv/lib/python3.12/site-packages/sqlalchemy/engine/default.py:630: InterfaceError

The above exception was the direct cause of the following exception:

db_session = <sqlalchemy.orm.session.Session object at 0x133879ee0>

    @pytest.fixture(autouse=True)
    def cleanup(db_session):
        # Cleanup before and after each test
>       db_session.query(PromptTemplateMaster).filter(PromptTemplateMaster.prompt_name == "test_prompt").delete()

tests/test_prompt_service.py:17: 
_ _ _ _ _ _ _ _ _ _ _ _ _ _ _ _ _ _ _ _ _ _ _ _ _ _ _ _ _ _ _ _ _ _ _ _ _ _ _ _ 
.venv/lib/python3.12/site-packages/sqlalchemy/orm/query.py:3217: in delete
    self.session.execute(
.venv/lib/python3.12/site-packages/sqlalchemy/orm/session.py:2373: in execute
    return self._execute_internal(
.venv/lib/python3.12/site-packages/sqlalchemy/orm/session.py:2261: in _execute_internal
    conn = self._connection_for_bind(bind)
           ^^^^^^^^^^^^^^^^^^^^^^^^^^^^^^^
.venv/lib/python3.12/site-packages/sqlalchemy/orm/session.py:2113: in _connection_for_bind
    return trans._connection_for_bind(engine, execution_options)
           ^^^^^^^^^^^^^^^^^^^^^^^^^^^^^^^^^^^^^^^^^^^^^^^^^^^^^
<string>:2: in _connection_for_bind
    ???
.venv/lib/python3.12/site-packages/sqlalchemy/orm/state_changes.py:137: in _go
    ret_value = fn(self, *arg, **kw)
                ^^^^^^^^^^^^^^^^^^^^
.venv/lib/python3.12/site-packages/sqlalchemy/orm/session.py:1191: in _connection_for_bind
    conn = bind.connect()
           ^^^^^^^^^^^^^^
.venv/lib/python3.12/site-packages/sqlalchemy/engine/base.py:3295: in connect
    return self._connection_cls(self)
           ^^^^^^^^^^^^^^^^^^^^^^^^^^
.venv/lib/python3.12/site-packages/sqlalchemy/engine/base.py:146: in __init__
    Connection._handle_dbapi_exception_noconnection(
.venv/lib/python3.12/site-packages/sqlalchemy/engine/base.py:2450: in _handle_dbapi_exception_noconnection
    raise sqlalchemy_exception.with_traceback(exc_info[2]) from e
.venv/lib/python3.12/site-packages/sqlalchemy/engine/base.py:144: in __init__
    self._dbapi_connection = engine.raw_connection()
                             ^^^^^^^^^^^^^^^^^^^^^^^
.venv/lib/python3.12/site-packages/sqlalchemy/engine/base.py:3319: in raw_connection
    return self.pool.connect()
           ^^^^^^^^^^^^^^^^^^^
.venv/lib/python3.12/site-packages/sqlalchemy/pool/base.py:448: in connect
    return _ConnectionFairy._checkout(self)
           ^^^^^^^^^^^^^^^^^^^^^^^^^^^^^^^^
.venv/lib/python3.12/site-packages/sqlalchemy/pool/base.py:1272: in _checkout
    fairy = _ConnectionRecord.checkout(pool)
            ^^^^^^^^^^^^^^^^^^^^^^^^^^^^^^^^
.venv/lib/python3.12/site-packages/sqlalchemy/pool/base.py:712: in checkout
    rec = pool._do_get()
          ^^^^^^^^^^^^^^
.venv/lib/python3.12/site-packages/sqlalchemy/pool/impl.py:178: in _do_get
    with util.safe_reraise():
         ^^^^^^^^^^^^^^^^^^^
.venv/lib/python3.12/site-packages/sqlalchemy/util/langhelpers.py:122: in __exit__
    raise exc_value.with_traceback(exc_tb)
.venv/lib/python3.12/site-packages/sqlalchemy/pool/impl.py:176: in _do_get
    return self._create_connection()
           ^^^^^^^^^^^^^^^^^^^^^^^^^
.venv/lib/python3.12/site-packages/sqlalchemy/pool/base.py:389: in _create_connection
    return _ConnectionRecord(self)
           ^^^^^^^^^^^^^^^^^^^^^^^
.venv/lib/python3.12/site-packages/sqlalchemy/pool/base.py:674: in __init__
    self.__connect()
.venv/lib/python3.12/site-packages/sqlalchemy/pool/base.py:900: in __connect
    with util.safe_reraise():
         ^^^^^^^^^^^^^^^^^^^
.venv/lib/python3.12/site-packages/sqlalchemy/util/langhelpers.py:122: in __exit__
    raise exc_value.with_traceback(exc_tb)
.venv/lib/python3.12/site-packages/sqlalchemy/pool/base.py:896: in __connect
    self.dbapi_connection = connection = pool._invoke_creator(self)
                                         ^^^^^^^^^^^^^^^^^^^^^^^^^^
.venv/lib/python3.12/site-packages/sqlalchemy/engine/create.py:667: in connect
    return dialect.connect(*cargs_tup, **cparams)
           ^^^^^^^^^^^^^^^^^^^^^^^^^^^^^^^^^^^^^^
_ _ _ _ _ _ _ _ _ _ _ _ _ _ _ _ _ _ _ _ _ _ _ _ _ _ _ _ _ _ _ _ _ _ _ _ _ _ _ _ 

self = <sqlalchemy.dialects.mssql.pyodbc.MSDialect_pyodbc object at 0x10d488650>
cargs = ('DRIVER={ODBC Driver 18 for SQL Server};Server=172.25.1.160,1433;Database=AIRIS_TEST;UID=ReadOnly_User;PWD=ReadOnly@230912;Encrypt=yes;TrustServerCertificate=yes',)
cparams = {}

    def connect(self, *cargs: Any, **cparams: Any) -> DBAPIConnection:
        # inherits the docstring from interfaces.Dialect.connect
>       return self.loaded_dbapi.connect(*cargs, **cparams)  # type: ignore[no-any-return]  # NOQA: E501
               ^^^^^^^^^^^^^^^^^^^^^^^^^^^^^^^^^^^^^^^^^^^^
E       sqlalchemy.exc.InterfaceError: (pyodbc.InterfaceError) ('28000', "[28000] [Microsoft][ODBC Driver 18 for SQL Server][SQL Server]Login failed for user 'ReadOnly_User'. (18456) (SQLDriverConnect)")
E       (Background on this error at: https://sqlalche.me/e/20/rvf5)

.venv/lib/python3.12/site-packages/sqlalchemy/engine/default.py:630: InterfaceError
_________________ ERROR at setup of test_prompt_fallback_chain _________________

self = <sqlalchemy.engine.base.Connection object at 0x133910ec0>
engine = Engine(mssql+pyodbc://ReadOnly_User:***@172.25.1.160:1433/AIRIS_TEST?Encrypt=yes&TrustServerCertificate=yes&driver=ODBC+Driver+18+for+SQL+Server)
connection = None, _has_events = None, _allow_revalidate = True
_allow_autobegin = True

    def __init__(
        self,
        engine: Engine,
        connection: Optional[PoolProxiedConnection] = None,
        _has_events: Optional[bool] = None,
        _allow_revalidate: bool = True,
        _allow_autobegin: bool = True,
    ):
        """Construct a new Connection."""
        self.engine = engine
        self.dialect = dialect = engine.dialect
    
        if connection is None:
            try:
>               self._dbapi_connection = engine.raw_connection()
                                         ^^^^^^^^^^^^^^^^^^^^^^^

.venv/lib/python3.12/site-packages/sqlalchemy/engine/base.py:144: 
_ _ _ _ _ _ _ _ _ _ _ _ _ _ _ _ _ _ _ _ _ _ _ _ _ _ _ _ _ _ _ _ _ _ _ _ _ _ _ _ 
.venv/lib/python3.12/site-packages/sqlalchemy/engine/base.py:3319: in raw_connection
    return self.pool.connect()
           ^^^^^^^^^^^^^^^^^^^
.venv/lib/python3.12/site-packages/sqlalchemy/pool/base.py:448: in connect
    return _ConnectionFairy._checkout(self)
           ^^^^^^^^^^^^^^^^^^^^^^^^^^^^^^^^
.venv/lib/python3.12/site-packages/sqlalchemy/pool/base.py:1272: in _checkout
    fairy = _ConnectionRecord.checkout(pool)
            ^^^^^^^^^^^^^^^^^^^^^^^^^^^^^^^^
.venv/lib/python3.12/site-packages/sqlalchemy/pool/base.py:712: in checkout
    rec = pool._do_get()
          ^^^^^^^^^^^^^^
.venv/lib/python3.12/site-packages/sqlalchemy/pool/impl.py:178: in _do_get
    with util.safe_reraise():
         ^^^^^^^^^^^^^^^^^^^
.venv/lib/python3.12/site-packages/sqlalchemy/util/langhelpers.py:122: in __exit__
    raise exc_value.with_traceback(exc_tb)
.venv/lib/python3.12/site-packages/sqlalchemy/pool/impl.py:176: in _do_get
    return self._create_connection()
           ^^^^^^^^^^^^^^^^^^^^^^^^^
.venv/lib/python3.12/site-packages/sqlalchemy/pool/base.py:389: in _create_connection
    return _ConnectionRecord(self)
           ^^^^^^^^^^^^^^^^^^^^^^^
.venv/lib/python3.12/site-packages/sqlalchemy/pool/base.py:674: in __init__
    self.__connect()
.venv/lib/python3.12/site-packages/sqlalchemy/pool/base.py:900: in __connect
    with util.safe_reraise():
         ^^^^^^^^^^^^^^^^^^^
.venv/lib/python3.12/site-packages/sqlalchemy/util/langhelpers.py:122: in __exit__
    raise exc_value.with_traceback(exc_tb)
.venv/lib/python3.12/site-packages/sqlalchemy/pool/base.py:896: in __connect
    self.dbapi_connection = connection = pool._invoke_creator(self)
                                         ^^^^^^^^^^^^^^^^^^^^^^^^^^
.venv/lib/python3.12/site-packages/sqlalchemy/engine/create.py:667: in connect
    return dialect.connect(*cargs_tup, **cparams)
           ^^^^^^^^^^^^^^^^^^^^^^^^^^^^^^^^^^^^^^
_ _ _ _ _ _ _ _ _ _ _ _ _ _ _ _ _ _ _ _ _ _ _ _ _ _ _ _ _ _ _ _ _ _ _ _ _ _ _ _ 

self = <sqlalchemy.dialects.mssql.pyodbc.MSDialect_pyodbc object at 0x10d488650>
cargs = ('DRIVER={ODBC Driver 18 for SQL Server};Server=172.25.1.160,1433;Database=AIRIS_TEST;UID=ReadOnly_User;PWD=ReadOnly@230912;Encrypt=yes;TrustServerCertificate=yes',)
cparams = {}

    def connect(self, *cargs: Any, **cparams: Any) -> DBAPIConnection:
        # inherits the docstring from interfaces.Dialect.connect
>       return self.loaded_dbapi.connect(*cargs, **cparams)  # type: ignore[no-any-return]  # NOQA: E501
               ^^^^^^^^^^^^^^^^^^^^^^^^^^^^^^^^^^^^^^^^^^^^
E       pyodbc.InterfaceError: ('28000', "[28000] [Microsoft][ODBC Driver 18 for SQL Server][SQL Server]Login failed for user 'ReadOnly_User'. (18456) (SQLDriverConnect)")

.venv/lib/python3.12/site-packages/sqlalchemy/engine/default.py:630: InterfaceError

The above exception was the direct cause of the following exception:

db_session = <sqlalchemy.orm.session.Session object at 0x133879ee0>

    @pytest.fixture(autouse=True)
    def cleanup(db_session):
        # Cleanup before and after each test
>       db_session.query(PromptTemplateMaster).filter(PromptTemplateMaster.prompt_name == "test_prompt").delete()

tests/test_prompt_service.py:17: 
_ _ _ _ _ _ _ _ _ _ _ _ _ _ _ _ _ _ _ _ _ _ _ _ _ _ _ _ _ _ _ _ _ _ _ _ _ _ _ _ 
.venv/lib/python3.12/site-packages/sqlalchemy/orm/query.py:3217: in delete
    self.session.execute(
.venv/lib/python3.12/site-packages/sqlalchemy/orm/session.py:2373: in execute
    return self._execute_internal(
.venv/lib/python3.12/site-packages/sqlalchemy/orm/session.py:2261: in _execute_internal
    conn = self._connection_for_bind(bind)
           ^^^^^^^^^^^^^^^^^^^^^^^^^^^^^^^
.venv/lib/python3.12/site-packages/sqlalchemy/orm/session.py:2113: in _connection_for_bind
    return trans._connection_for_bind(engine, execution_options)
           ^^^^^^^^^^^^^^^^^^^^^^^^^^^^^^^^^^^^^^^^^^^^^^^^^^^^^
<string>:2: in _connection_for_bind
    ???
.venv/lib/python3.12/site-packages/sqlalchemy/orm/state_changes.py:137: in _go
    ret_value = fn(self, *arg, **kw)
                ^^^^^^^^^^^^^^^^^^^^
.venv/lib/python3.12/site-packages/sqlalchemy/orm/session.py:1191: in _connection_for_bind
    conn = bind.connect()
           ^^^^^^^^^^^^^^
.venv/lib/python3.12/site-packages/sqlalchemy/engine/base.py:3295: in connect
    return self._connection_cls(self)
           ^^^^^^^^^^^^^^^^^^^^^^^^^^
.venv/lib/python3.12/site-packages/sqlalchemy/engine/base.py:146: in __init__
    Connection._handle_dbapi_exception_noconnection(
.venv/lib/python3.12/site-packages/sqlalchemy/engine/base.py:2450: in _handle_dbapi_exception_noconnection
    raise sqlalchemy_exception.with_traceback(exc_info[2]) from e
.venv/lib/python3.12/site-packages/sqlalchemy/engine/base.py:144: in __init__
    self._dbapi_connection = engine.raw_connection()
                             ^^^^^^^^^^^^^^^^^^^^^^^
.venv/lib/python3.12/site-packages/sqlalchemy/engine/base.py:3319: in raw_connection
    return self.pool.connect()
           ^^^^^^^^^^^^^^^^^^^
.venv/lib/python3.12/site-packages/sqlalchemy/pool/base.py:448: in connect
    return _ConnectionFairy._checkout(self)
           ^^^^^^^^^^^^^^^^^^^^^^^^^^^^^^^^
.venv/lib/python3.12/site-packages/sqlalchemy/pool/base.py:1272: in _checkout
    fairy = _ConnectionRecord.checkout(pool)
            ^^^^^^^^^^^^^^^^^^^^^^^^^^^^^^^^
.venv/lib/python3.12/site-packages/sqlalchemy/pool/base.py:712: in checkout
    rec = pool._do_get()
          ^^^^^^^^^^^^^^
.venv/lib/python3.12/site-packages/sqlalchemy/pool/impl.py:178: in _do_get
    with util.safe_reraise():
         ^^^^^^^^^^^^^^^^^^^
.venv/lib/python3.12/site-packages/sqlalchemy/util/langhelpers.py:122: in __exit__
    raise exc_value.with_traceback(exc_tb)
.venv/lib/python3.12/site-packages/sqlalchemy/pool/impl.py:176: in _do_get
    return self._create_connection()
           ^^^^^^^^^^^^^^^^^^^^^^^^^
.venv/lib/python3.12/site-packages/sqlalchemy/pool/base.py:389: in _create_connection
    return _ConnectionRecord(self)
           ^^^^^^^^^^^^^^^^^^^^^^^
.venv/lib/python3.12/site-packages/sqlalchemy/pool/base.py:674: in __init__
    self.__connect()
.venv/lib/python3.12/site-packages/sqlalchemy/pool/base.py:900: in __connect
    with util.safe_reraise():
         ^^^^^^^^^^^^^^^^^^^
.venv/lib/python3.12/site-packages/sqlalchemy/util/langhelpers.py:122: in __exit__
    raise exc_value.with_traceback(exc_tb)
.venv/lib/python3.12/site-packages/sqlalchemy/pool/base.py:896: in __connect
    self.dbapi_connection = connection = pool._invoke_creator(self)
                                         ^^^^^^^^^^^^^^^^^^^^^^^^^^
.venv/lib/python3.12/site-packages/sqlalchemy/engine/create.py:667: in connect
    return dialect.connect(*cargs_tup, **cparams)
           ^^^^^^^^^^^^^^^^^^^^^^^^^^^^^^^^^^^^^^
_ _ _ _ _ _ _ _ _ _ _ _ _ _ _ _ _ _ _ _ _ _ _ _ _ _ _ _ _ _ _ _ _ _ _ _ _ _ _ _ 

self = <sqlalchemy.dialects.mssql.pyodbc.MSDialect_pyodbc object at 0x10d488650>
cargs = ('DRIVER={ODBC Driver 18 for SQL Server};Server=172.25.1.160,1433;Database=AIRIS_TEST;UID=ReadOnly_User;PWD=ReadOnly@230912;Encrypt=yes;TrustServerCertificate=yes',)
cparams = {}

    def connect(self, *cargs: Any, **cparams: Any) -> DBAPIConnection:
        # inherits the docstring from interfaces.Dialect.connect
>       return self.loaded_dbapi.connect(*cargs, **cparams)  # type: ignore[no-any-return]  # NOQA: E501
               ^^^^^^^^^^^^^^^^^^^^^^^^^^^^^^^^^^^^^^^^^^^^
E       sqlalchemy.exc.InterfaceError: (pyodbc.InterfaceError) ('28000', "[28000] [Microsoft][ODBC Driver 18 for SQL Server][SQL Server]Login failed for user 'ReadOnly_User'. (18456) (SQLDriverConnect)")
E       (Background on this error at: https://sqlalche.me/e/20/rvf5)

.venv/lib/python3.12/site-packages/sqlalchemy/engine/default.py:630: InterfaceError
__________________ ERROR at setup of test_missing_placeholder __________________

self = <sqlalchemy.engine.base.Connection object at 0x13387a360>
engine = Engine(mssql+pyodbc://ReadOnly_User:***@172.25.1.160:1433/AIRIS_TEST?Encrypt=yes&TrustServerCertificate=yes&driver=ODBC+Driver+18+for+SQL+Server)
connection = None, _has_events = None, _allow_revalidate = True
_allow_autobegin = True

    def __init__(
        self,
        engine: Engine,
        connection: Optional[PoolProxiedConnection] = None,
        _has_events: Optional[bool] = None,
        _allow_revalidate: bool = True,
        _allow_autobegin: bool = True,
    ):
        """Construct a new Connection."""
        self.engine = engine
        self.dialect = dialect = engine.dialect
    
        if connection is None:
            try:
>               self._dbapi_connection = engine.raw_connection()
                                         ^^^^^^^^^^^^^^^^^^^^^^^

.venv/lib/python3.12/site-packages/sqlalchemy/engine/base.py:144: 
_ _ _ _ _ _ _ _ _ _ _ _ _ _ _ _ _ _ _ _ _ _ _ _ _ _ _ _ _ _ _ _ _ _ _ _ _ _ _ _ 
.venv/lib/python3.12/site-packages/sqlalchemy/engine/base.py:3319: in raw_connection
    return self.pool.connect()
           ^^^^^^^^^^^^^^^^^^^
.venv/lib/python3.12/site-packages/sqlalchemy/pool/base.py:448: in connect
    return _ConnectionFairy._checkout(self)
           ^^^^^^^^^^^^^^^^^^^^^^^^^^^^^^^^
.venv/lib/python3.12/site-packages/sqlalchemy/pool/base.py:1272: in _checkout
    fairy = _ConnectionRecord.checkout(pool)
            ^^^^^^^^^^^^^^^^^^^^^^^^^^^^^^^^
.venv/lib/python3.12/site-packages/sqlalchemy/pool/base.py:712: in checkout
    rec = pool._do_get()
          ^^^^^^^^^^^^^^
.venv/lib/python3.12/site-packages/sqlalchemy/pool/impl.py:178: in _do_get
    with util.safe_reraise():
         ^^^^^^^^^^^^^^^^^^^
.venv/lib/python3.12/site-packages/sqlalchemy/util/langhelpers.py:122: in __exit__
    raise exc_value.with_traceback(exc_tb)
.venv/lib/python3.12/site-packages/sqlalchemy/pool/impl.py:176: in _do_get
    return self._create_connection()
           ^^^^^^^^^^^^^^^^^^^^^^^^^
.venv/lib/python3.12/site-packages/sqlalchemy/pool/base.py:389: in _create_connection
    return _ConnectionRecord(self)
           ^^^^^^^^^^^^^^^^^^^^^^^
.venv/lib/python3.12/site-packages/sqlalchemy/pool/base.py:674: in __init__
    self.__connect()
.venv/lib/python3.12/site-packages/sqlalchemy/pool/base.py:900: in __connect
    with util.safe_reraise():
         ^^^^^^^^^^^^^^^^^^^
.venv/lib/python3.12/site-packages/sqlalchemy/util/langhelpers.py:122: in __exit__
    raise exc_value.with_traceback(exc_tb)
.venv/lib/python3.12/site-packages/sqlalchemy/pool/base.py:896: in __connect
    self.dbapi_connection = connection = pool._invoke_creator(self)
                                         ^^^^^^^^^^^^^^^^^^^^^^^^^^
.venv/lib/python3.12/site-packages/sqlalchemy/engine/create.py:667: in connect
    return dialect.connect(*cargs_tup, **cparams)
           ^^^^^^^^^^^^^^^^^^^^^^^^^^^^^^^^^^^^^^
_ _ _ _ _ _ _ _ _ _ _ _ _ _ _ _ _ _ _ _ _ _ _ _ _ _ _ _ _ _ _ _ _ _ _ _ _ _ _ _ 

self = <sqlalchemy.dialects.mssql.pyodbc.MSDialect_pyodbc object at 0x10d488650>
cargs = ('DRIVER={ODBC Driver 18 for SQL Server};Server=172.25.1.160,1433;Database=AIRIS_TEST;UID=ReadOnly_User;PWD=ReadOnly@230912;Encrypt=yes;TrustServerCertificate=yes',)
cparams = {}

    def connect(self, *cargs: Any, **cparams: Any) -> DBAPIConnection:
        # inherits the docstring from interfaces.Dialect.connect
>       return self.loaded_dbapi.connect(*cargs, **cparams)  # type: ignore[no-any-return]  # NOQA: E501
               ^^^^^^^^^^^^^^^^^^^^^^^^^^^^^^^^^^^^^^^^^^^^
E       pyodbc.InterfaceError: ('28000', "[28000] [Microsoft][ODBC Driver 18 for SQL Server][SQL Server]Login failed for user 'ReadOnly_User'. (18456) (SQLDriverConnect)")

.venv/lib/python3.12/site-packages/sqlalchemy/engine/default.py:630: InterfaceError

The above exception was the direct cause of the following exception:

db_session = <sqlalchemy.orm.session.Session object at 0x133879ee0>

    @pytest.fixture(autouse=True)
    def cleanup(db_session):
        # Cleanup before and after each test
>       db_session.query(PromptTemplateMaster).filter(PromptTemplateMaster.prompt_name == "test_prompt").delete()

tests/test_prompt_service.py:17: 
_ _ _ _ _ _ _ _ _ _ _ _ _ _ _ _ _ _ _ _ _ _ _ _ _ _ _ _ _ _ _ _ _ _ _ _ _ _ _ _ 
.venv/lib/python3.12/site-packages/sqlalchemy/orm/query.py:3217: in delete
    self.session.execute(
.venv/lib/python3.12/site-packages/sqlalchemy/orm/session.py:2373: in execute
    return self._execute_internal(
.venv/lib/python3.12/site-packages/sqlalchemy/orm/session.py:2261: in _execute_internal
    conn = self._connection_for_bind(bind)
           ^^^^^^^^^^^^^^^^^^^^^^^^^^^^^^^
.venv/lib/python3.12/site-packages/sqlalchemy/orm/session.py:2113: in _connection_for_bind
    return trans._connection_for_bind(engine, execution_options)
           ^^^^^^^^^^^^^^^^^^^^^^^^^^^^^^^^^^^^^^^^^^^^^^^^^^^^^
<string>:2: in _connection_for_bind
    ???
.venv/lib/python3.12/site-packages/sqlalchemy/orm/state_changes.py:137: in _go
    ret_value = fn(self, *arg, **kw)
                ^^^^^^^^^^^^^^^^^^^^
.venv/lib/python3.12/site-packages/sqlalchemy/orm/session.py:1191: in _connection_for_bind
    conn = bind.connect()
           ^^^^^^^^^^^^^^
.venv/lib/python3.12/site-packages/sqlalchemy/engine/base.py:3295: in connect
    return self._connection_cls(self)
           ^^^^^^^^^^^^^^^^^^^^^^^^^^
.venv/lib/python3.12/site-packages/sqlalchemy/engine/base.py:146: in __init__
    Connection._handle_dbapi_exception_noconnection(
.venv/lib/python3.12/site-packages/sqlalchemy/engine/base.py:2450: in _handle_dbapi_exception_noconnection
    raise sqlalchemy_exception.with_traceback(exc_info[2]) from e
.venv/lib/python3.12/site-packages/sqlalchemy/engine/base.py:144: in __init__
    self._dbapi_connection = engine.raw_connection()
                             ^^^^^^^^^^^^^^^^^^^^^^^
.venv/lib/python3.12/site-packages/sqlalchemy/engine/base.py:3319: in raw_connection
    return self.pool.connect()
           ^^^^^^^^^^^^^^^^^^^
.venv/lib/python3.12/site-packages/sqlalchemy/pool/base.py:448: in connect
    return _ConnectionFairy._checkout(self)
           ^^^^^^^^^^^^^^^^^^^^^^^^^^^^^^^^
.venv/lib/python3.12/site-packages/sqlalchemy/pool/base.py:1272: in _checkout
    fairy = _ConnectionRecord.checkout(pool)
            ^^^^^^^^^^^^^^^^^^^^^^^^^^^^^^^^
.venv/lib/python3.12/site-packages/sqlalchemy/pool/base.py:712: in checkout
    rec = pool._do_get()
          ^^^^^^^^^^^^^^
.venv/lib/python3.12/site-packages/sqlalchemy/pool/impl.py:178: in _do_get
    with util.safe_reraise():
         ^^^^^^^^^^^^^^^^^^^
.venv/lib/python3.12/site-packages/sqlalchemy/util/langhelpers.py:122: in __exit__
    raise exc_value.with_traceback(exc_tb)
.venv/lib/python3.12/site-packages/sqlalchemy/pool/impl.py:176: in _do_get
    return self._create_connection()
           ^^^^^^^^^^^^^^^^^^^^^^^^^
.venv/lib/python3.12/site-packages/sqlalchemy/pool/base.py:389: in _create_connection
    return _ConnectionRecord(self)
           ^^^^^^^^^^^^^^^^^^^^^^^
.venv/lib/python3.12/site-packages/sqlalchemy/pool/base.py:674: in __init__
    self.__connect()
.venv/lib/python3.12/site-packages/sqlalchemy/pool/base.py:900: in __connect
    with util.safe_reraise():
         ^^^^^^^^^^^^^^^^^^^
.venv/lib/python3.12/site-packages/sqlalchemy/util/langhelpers.py:122: in __exit__
    raise exc_value.with_traceback(exc_tb)
.venv/lib/python3.12/site-packages/sqlalchemy/pool/base.py:896: in __connect
    self.dbapi_connection = connection = pool._invoke_creator(self)
                                         ^^^^^^^^^^^^^^^^^^^^^^^^^^
.venv/lib/python3.12/site-packages/sqlalchemy/engine/create.py:667: in connect
    return dialect.connect(*cargs_tup, **cparams)
           ^^^^^^^^^^^^^^^^^^^^^^^^^^^^^^^^^^^^^^
_ _ _ _ _ _ _ _ _ _ _ _ _ _ _ _ _ _ _ _ _ _ _ _ _ _ _ _ _ _ _ _ _ _ _ _ _ _ _ _ 

self = <sqlalchemy.dialects.mssql.pyodbc.MSDialect_pyodbc object at 0x10d488650>
cargs = ('DRIVER={ODBC Driver 18 for SQL Server};Server=172.25.1.160,1433;Database=AIRIS_TEST;UID=ReadOnly_User;PWD=ReadOnly@230912;Encrypt=yes;TrustServerCertificate=yes',)
cparams = {}

    def connect(self, *cargs: Any, **cparams: Any) -> DBAPIConnection:
        # inherits the docstring from interfaces.Dialect.connect
>       return self.loaded_dbapi.connect(*cargs, **cparams)  # type: ignore[no-any-return]  # NOQA: E501
               ^^^^^^^^^^^^^^^^^^^^^^^^^^^^^^^^^^^^^^^^^^^^
E       sqlalchemy.exc.InterfaceError: (pyodbc.InterfaceError) ('28000', "[28000] [Microsoft][ODBC Driver 18 for SQL Server][SQL Server]Login failed for user 'ReadOnly_User'. (18456) (SQLDriverConnect)")
E       (Background on this error at: https://sqlalche.me/e/20/rvf5)

.venv/lib/python3.12/site-packages/sqlalchemy/engine/default.py:630: InterfaceError
_________________ ERROR at setup of test_activation_validation _________________

self = <sqlalchemy.engine.base.Connection object at 0x13387ac00>
engine = Engine(mssql+pyodbc://ReadOnly_User:***@172.25.1.160:1433/AIRIS_TEST?Encrypt=yes&TrustServerCertificate=yes&driver=ODBC+Driver+18+for+SQL+Server)
connection = None, _has_events = None, _allow_revalidate = True
_allow_autobegin = True

    def __init__(
        self,
        engine: Engine,
        connection: Optional[PoolProxiedConnection] = None,
        _has_events: Optional[bool] = None,
        _allow_revalidate: bool = True,
        _allow_autobegin: bool = True,
    ):
        """Construct a new Connection."""
        self.engine = engine
        self.dialect = dialect = engine.dialect
    
        if connection is None:
            try:
>               self._dbapi_connection = engine.raw_connection()
                                         ^^^^^^^^^^^^^^^^^^^^^^^

.venv/lib/python3.12/site-packages/sqlalchemy/engine/base.py:144: 
_ _ _ _ _ _ _ _ _ _ _ _ _ _ _ _ _ _ _ _ _ _ _ _ _ _ _ _ _ _ _ _ _ _ _ _ _ _ _ _ 
.venv/lib/python3.12/site-packages/sqlalchemy/engine/base.py:3319: in raw_connection
    return self.pool.connect()
           ^^^^^^^^^^^^^^^^^^^
.venv/lib/python3.12/site-packages/sqlalchemy/pool/base.py:448: in connect
    return _ConnectionFairy._checkout(self)
           ^^^^^^^^^^^^^^^^^^^^^^^^^^^^^^^^
.venv/lib/python3.12/site-packages/sqlalchemy/pool/base.py:1272: in _checkout
    fairy = _ConnectionRecord.checkout(pool)
            ^^^^^^^^^^^^^^^^^^^^^^^^^^^^^^^^
.venv/lib/python3.12/site-packages/sqlalchemy/pool/base.py:712: in checkout
    rec = pool._do_get()
          ^^^^^^^^^^^^^^
.venv/lib/python3.12/site-packages/sqlalchemy/pool/impl.py:178: in _do_get
    with util.safe_reraise():
         ^^^^^^^^^^^^^^^^^^^
.venv/lib/python3.12/site-packages/sqlalchemy/util/langhelpers.py:122: in __exit__
    raise exc_value.with_traceback(exc_tb)
.venv/lib/python3.12/site-packages/sqlalchemy/pool/impl.py:176: in _do_get
    return self._create_connection()
           ^^^^^^^^^^^^^^^^^^^^^^^^^
.venv/lib/python3.12/site-packages/sqlalchemy/pool/base.py:389: in _create_connection
    return _ConnectionRecord(self)
           ^^^^^^^^^^^^^^^^^^^^^^^
.venv/lib/python3.12/site-packages/sqlalchemy/pool/base.py:674: in __init__
    self.__connect()
.venv/lib/python3.12/site-packages/sqlalchemy/pool/base.py:900: in __connect
    with util.safe_reraise():
         ^^^^^^^^^^^^^^^^^^^
.venv/lib/python3.12/site-packages/sqlalchemy/util/langhelpers.py:122: in __exit__
    raise exc_value.with_traceback(exc_tb)
.venv/lib/python3.12/site-packages/sqlalchemy/pool/base.py:896: in __connect
    self.dbapi_connection = connection = pool._invoke_creator(self)
                                         ^^^^^^^^^^^^^^^^^^^^^^^^^^
.venv/lib/python3.12/site-packages/sqlalchemy/engine/create.py:667: in connect
    return dialect.connect(*cargs_tup, **cparams)
           ^^^^^^^^^^^^^^^^^^^^^^^^^^^^^^^^^^^^^^
_ _ _ _ _ _ _ _ _ _ _ _ _ _ _ _ _ _ _ _ _ _ _ _ _ _ _ _ _ _ _ _ _ _ _ _ _ _ _ _ 

self = <sqlalchemy.dialects.mssql.pyodbc.MSDialect_pyodbc object at 0x10d488650>
cargs = ('DRIVER={ODBC Driver 18 for SQL Server};Server=172.25.1.160,1433;Database=AIRIS_TEST;UID=ReadOnly_User;PWD=ReadOnly@230912;Encrypt=yes;TrustServerCertificate=yes',)
cparams = {}

    def connect(self, *cargs: Any, **cparams: Any) -> DBAPIConnection:
        # inherits the docstring from interfaces.Dialect.connect
>       return self.loaded_dbapi.connect(*cargs, **cparams)  # type: ignore[no-any-return]  # NOQA: E501
               ^^^^^^^^^^^^^^^^^^^^^^^^^^^^^^^^^^^^^^^^^^^^
E       pyodbc.InterfaceError: ('28000', "[28000] [Microsoft][ODBC Driver 18 for SQL Server][SQL Server]Login failed for user 'ReadOnly_User'. (18456) (SQLDriverConnect)")

.venv/lib/python3.12/site-packages/sqlalchemy/engine/default.py:630: InterfaceError

The above exception was the direct cause of the following exception:

db_session = <sqlalchemy.orm.session.Session object at 0x133879ee0>

    @pytest.fixture(autouse=True)
    def cleanup(db_session):
        # Cleanup before and after each test
>       db_session.query(PromptTemplateMaster).filter(PromptTemplateMaster.prompt_name == "test_prompt").delete()

tests/test_prompt_service.py:17: 
_ _ _ _ _ _ _ _ _ _ _ _ _ _ _ _ _ _ _ _ _ _ _ _ _ _ _ _ _ _ _ _ _ _ _ _ _ _ _ _ 
.venv/lib/python3.12/site-packages/sqlalchemy/orm/query.py:3217: in delete
    self.session.execute(
.venv/lib/python3.12/site-packages/sqlalchemy/orm/session.py:2373: in execute
    return self._execute_internal(
.venv/lib/python3.12/site-packages/sqlalchemy/orm/session.py:2261: in _execute_internal
    conn = self._connection_for_bind(bind)
           ^^^^^^^^^^^^^^^^^^^^^^^^^^^^^^^
.venv/lib/python3.12/site-packages/sqlalchemy/orm/session.py:2113: in _connection_for_bind
    return trans._connection_for_bind(engine, execution_options)
           ^^^^^^^^^^^^^^^^^^^^^^^^^^^^^^^^^^^^^^^^^^^^^^^^^^^^^
<string>:2: in _connection_for_bind
    ???
.venv/lib/python3.12/site-packages/sqlalchemy/orm/state_changes.py:137: in _go
    ret_value = fn(self, *arg, **kw)
                ^^^^^^^^^^^^^^^^^^^^
.venv/lib/python3.12/site-packages/sqlalchemy/orm/session.py:1191: in _connection_for_bind
    conn = bind.connect()
           ^^^^^^^^^^^^^^
.venv/lib/python3.12/site-packages/sqlalchemy/engine/base.py:3295: in connect
    return self._connection_cls(self)
           ^^^^^^^^^^^^^^^^^^^^^^^^^^
.venv/lib/python3.12/site-packages/sqlalchemy/engine/base.py:146: in __init__
    Connection._handle_dbapi_exception_noconnection(
.venv/lib/python3.12/site-packages/sqlalchemy/engine/base.py:2450: in _handle_dbapi_exception_noconnection
    raise sqlalchemy_exception.with_traceback(exc_info[2]) from e
.venv/lib/python3.12/site-packages/sqlalchemy/engine/base.py:144: in __init__
    self._dbapi_connection = engine.raw_connection()
                             ^^^^^^^^^^^^^^^^^^^^^^^
.venv/lib/python3.12/site-packages/sqlalchemy/engine/base.py:3319: in raw_connection
    return self.pool.connect()
           ^^^^^^^^^^^^^^^^^^^
.venv/lib/python3.12/site-packages/sqlalchemy/pool/base.py:448: in connect
    return _ConnectionFairy._checkout(self)
           ^^^^^^^^^^^^^^^^^^^^^^^^^^^^^^^^
.venv/lib/python3.12/site-packages/sqlalchemy/pool/base.py:1272: in _checkout
    fairy = _ConnectionRecord.checkout(pool)
            ^^^^^^^^^^^^^^^^^^^^^^^^^^^^^^^^
.venv/lib/python3.12/site-packages/sqlalchemy/pool/base.py:712: in checkout
    rec = pool._do_get()
          ^^^^^^^^^^^^^^
.venv/lib/python3.12/site-packages/sqlalchemy/pool/impl.py:178: in _do_get
    with util.safe_reraise():
         ^^^^^^^^^^^^^^^^^^^
.venv/lib/python3.12/site-packages/sqlalchemy/util/langhelpers.py:122: in __exit__
    raise exc_value.with_traceback(exc_tb)
.venv/lib/python3.12/site-packages/sqlalchemy/pool/impl.py:176: in _do_get
    return self._create_connection()
           ^^^^^^^^^^^^^^^^^^^^^^^^^
.venv/lib/python3.12/site-packages/sqlalchemy/pool/base.py:389: in _create_connection
    return _ConnectionRecord(self)
           ^^^^^^^^^^^^^^^^^^^^^^^
.venv/lib/python3.12/site-packages/sqlalchemy/pool/base.py:674: in __init__
    self.__connect()
.venv/lib/python3.12/site-packages/sqlalchemy/pool/base.py:900: in __connect
    with util.safe_reraise():
         ^^^^^^^^^^^^^^^^^^^
.venv/lib/python3.12/site-packages/sqlalchemy/util/langhelpers.py:122: in __exit__
    raise exc_value.with_traceback(exc_tb)
.venv/lib/python3.12/site-packages/sqlalchemy/pool/base.py:896: in __connect
    self.dbapi_connection = connection = pool._invoke_creator(self)
                                         ^^^^^^^^^^^^^^^^^^^^^^^^^^
.venv/lib/python3.12/site-packages/sqlalchemy/engine/create.py:667: in connect
    return dialect.connect(*cargs_tup, **cparams)
           ^^^^^^^^^^^^^^^^^^^^^^^^^^^^^^^^^^^^^^
_ _ _ _ _ _ _ _ _ _ _ _ _ _ _ _ _ _ _ _ _ _ _ _ _ _ _ _ _ _ _ _ _ _ _ _ _ _ _ _ 

self = <sqlalchemy.dialects.mssql.pyodbc.MSDialect_pyodbc object at 0x10d488650>
cargs = ('DRIVER={ODBC Driver 18 for SQL Server};Server=172.25.1.160,1433;Database=AIRIS_TEST;UID=ReadOnly_User;PWD=ReadOnly@230912;Encrypt=yes;TrustServerCertificate=yes',)
cparams = {}

    def connect(self, *cargs: Any, **cparams: Any) -> DBAPIConnection:
        # inherits the docstring from interfaces.Dialect.connect
>       return self.loaded_dbapi.connect(*cargs, **cparams)  # type: ignore[no-any-return]  # NOQA: E501
               ^^^^^^^^^^^^^^^^^^^^^^^^^^^^^^^^^^^^^^^^^^^^
E       sqlalchemy.exc.InterfaceError: (pyodbc.InterfaceError) ('28000', "[28000] [Microsoft][ODBC Driver 18 for SQL Server][SQL Server]Login failed for user 'ReadOnly_User'. (18456) (SQLDriverConnect)")
E       (Background on this error at: https://sqlalche.me/e/20/rvf5)

.venv/lib/python3.12/site-packages/sqlalchemy/engine/default.py:630: InterfaceError
=================================== FAILURES ===================================
______________________ test_vacancy_cache_no_db_fallback _______________________

self = <sqlalchemy.engine.base.Connection object at 0x12fca7680>
engine = Engine(mssql+pyodbc://ReadOnly_User:***@172.25.1.160:1433/AIRIS_TEST?Encrypt=yes&TrustServerCertificate=yes&driver=ODBC+Driver+18+for+SQL+Server)
connection = None, _has_events = None, _allow_revalidate = True
_allow_autobegin = True

    def __init__(
        self,
        engine: Engine,
        connection: Optional[PoolProxiedConnection] = None,
        _has_events: Optional[bool] = None,
        _allow_revalidate: bool = True,
        _allow_autobegin: bool = True,
    ):
        """Construct a new Connection."""
        self.engine = engine
        self.dialect = dialect = engine.dialect
    
        if connection is None:
            try:
>               self._dbapi_connection = engine.raw_connection()
                                         ^^^^^^^^^^^^^^^^^^^^^^^

.venv/lib/python3.12/site-packages/sqlalchemy/engine/base.py:144: 
_ _ _ _ _ _ _ _ _ _ _ _ _ _ _ _ _ _ _ _ _ _ _ _ _ _ _ _ _ _ _ _ _ _ _ _ _ _ _ _ 
.venv/lib/python3.12/site-packages/sqlalchemy/engine/base.py:3319: in raw_connection
    return self.pool.connect()
           ^^^^^^^^^^^^^^^^^^^
.venv/lib/python3.12/site-packages/sqlalchemy/pool/base.py:448: in connect
    return _ConnectionFairy._checkout(self)
           ^^^^^^^^^^^^^^^^^^^^^^^^^^^^^^^^
.venv/lib/python3.12/site-packages/sqlalchemy/pool/base.py:1272: in _checkout
    fairy = _ConnectionRecord.checkout(pool)
            ^^^^^^^^^^^^^^^^^^^^^^^^^^^^^^^^
.venv/lib/python3.12/site-packages/sqlalchemy/pool/base.py:712: in checkout
    rec = pool._do_get()
          ^^^^^^^^^^^^^^
.venv/lib/python3.12/site-packages/sqlalchemy/pool/impl.py:178: in _do_get
    with util.safe_reraise():
         ^^^^^^^^^^^^^^^^^^^
.venv/lib/python3.12/site-packages/sqlalchemy/util/langhelpers.py:122: in __exit__
    raise exc_value.with_traceback(exc_tb)
.venv/lib/python3.12/site-packages/sqlalchemy/pool/impl.py:176: in _do_get
    return self._create_connection()
           ^^^^^^^^^^^^^^^^^^^^^^^^^
.venv/lib/python3.12/site-packages/sqlalchemy/pool/base.py:389: in _create_connection
    return _ConnectionRecord(self)
           ^^^^^^^^^^^^^^^^^^^^^^^
.venv/lib/python3.12/site-packages/sqlalchemy/pool/base.py:674: in __init__
    self.__connect()
.venv/lib/python3.12/site-packages/sqlalchemy/pool/base.py:900: in __connect
    with util.safe_reraise():
         ^^^^^^^^^^^^^^^^^^^
.venv/lib/python3.12/site-packages/sqlalchemy/util/langhelpers.py:122: in __exit__
    raise exc_value.with_traceback(exc_tb)
.venv/lib/python3.12/site-packages/sqlalchemy/pool/base.py:896: in __connect
    self.dbapi_connection = connection = pool._invoke_creator(self)
                                         ^^^^^^^^^^^^^^^^^^^^^^^^^^
.venv/lib/python3.12/site-packages/sqlalchemy/engine/create.py:667: in connect
    return dialect.connect(*cargs_tup, **cparams)
           ^^^^^^^^^^^^^^^^^^^^^^^^^^^^^^^^^^^^^^
_ _ _ _ _ _ _ _ _ _ _ _ _ _ _ _ _ _ _ _ _ _ _ _ _ _ _ _ _ _ _ _ _ _ _ _ _ _ _ _ 

self = <sqlalchemy.dialects.mssql.pyodbc.MSDialect_pyodbc object at 0x10d488650>
cargs = ('DRIVER={ODBC Driver 18 for SQL Server};Server=172.25.1.160,1433;Database=AIRIS_TEST;UID=ReadOnly_User;PWD=ReadOnly@230912;Encrypt=yes;TrustServerCertificate=yes',)
cparams = {}

    def connect(self, *cargs: Any, **cparams: Any) -> DBAPIConnection:
        # inherits the docstring from interfaces.Dialect.connect
>       return self.loaded_dbapi.connect(*cargs, **cparams)  # type: ignore[no-any-return]  # NOQA: E501
               ^^^^^^^^^^^^^^^^^^^^^^^^^^^^^^^^^^^^^^^^^^^^
E       pyodbc.InterfaceError: ('28000', "[28000] [Microsoft][ODBC Driver 18 for SQL Server][SQL Server]Login failed for user 'ReadOnly_User'. (18456) (SQLDriverConnect)")

.venv/lib/python3.12/site-packages/sqlalchemy/engine/default.py:630: InterfaceError

The above exception was the direct cause of the following exception:

cls = <class 'app.repositories.job.JobRepository'>
db = <sqlalchemy.orm.session.Session object at 0x12fca4bc0>

    @classmethod
    def get_all_jobs(cls, db: Session | None = None) -> list[dict[str, Any]]:
        cached_entry = vacancy_cache_manager.get(cls._VACANCY_CACHE_KEY)
        if cached_entry is not None:
            if isinstance(cached_entry, dict) and "jobs" in cached_entry and "version" in cached_entry:
                stored_jobs = cached_entry["jobs"]
                stored_version = cached_entry["version"]
                if not cls._is_stale(stored_version, stored_jobs, db):
                    RepositoryMetrics.record_cache_hit()
                    logger.info("JobRepository.get_all_jobs: CACHE HIT. Returning cached vacancies.")
                    return stored_jobs
                logger.info("JobRepository.get_all_jobs: Stale version detected. Re-fetching.")
            else:
                RepositoryMetrics.record_cache_hit()
                logger.info("JobRepository.get_all_jobs: CACHE HIT (legacy format). Returning cached vacancies.")
                return cached_entry
    
        RepositoryMetrics.record_cache_miss()
        logger.info("JobRepository.get_all_jobs: CACHE MISS. Fetching from DB.")
        t0 = time.perf_counter()
    
        close_session = False
        if db is None and SessionLocal is not None:
            try:
                db = SessionLocal()
                close_session = True
            except Exception as exc:
                logger.warning(f"Could not create DB session: {exc}")
                db = None
    
        job_dicts_to_return: list[dict[str, Any]] | None = None
    
        if db is not None:
            try:
                service = VacancyService(db)
>               vacancies = service.get_active_vacancies()
                            ^^^^^^^^^^^^^^^^^^^^^^^^^^^^^^

app/repositories/job.py:156: 
_ _ _ _ _ _ _ _ _ _ _ _ _ _ _ _ _ _ _ _ _ _ _ _ _ _ _ _ _ _ _ _ _ _ _ _ _ _ _ _ 
app/services/vacancy_service.py:71: in get_active_vacancies
    results = self.db.execute(stmt).scalars().all()
              ^^^^^^^^^^^^^^^^^^^^^
.venv/lib/python3.12/site-packages/sqlalchemy/orm/session.py:2373: in execute
    return self._execute_internal(
.venv/lib/python3.12/site-packages/sqlalchemy/orm/session.py:2261: in _execute_internal
    conn = self._connection_for_bind(bind)
           ^^^^^^^^^^^^^^^^^^^^^^^^^^^^^^^
.venv/lib/python3.12/site-packages/sqlalchemy/orm/session.py:2113: in _connection_for_bind
    return trans._connection_for_bind(engine, execution_options)
           ^^^^^^^^^^^^^^^^^^^^^^^^^^^^^^^^^^^^^^^^^^^^^^^^^^^^^
.venv/lib/python3.12/site-packages/sqlalchemy/orm/state_changes.py:137: in _go
    ret_value = fn(self, *arg, **kw)
                ^^^^^^^^^^^^^^^^^^^^
.venv/lib/python3.12/site-packages/sqlalchemy/orm/session.py:1191: in _connection_for_bind
    conn = bind.connect()
           ^^^^^^^^^^^^^^
.venv/lib/python3.12/site-packages/sqlalchemy/engine/base.py:3295: in connect
    return self._connection_cls(self)
           ^^^^^^^^^^^^^^^^^^^^^^^^^^
.venv/lib/python3.12/site-packages/sqlalchemy/engine/base.py:146: in __init__
    Connection._handle_dbapi_exception_noconnection(
.venv/lib/python3.12/site-packages/sqlalchemy/engine/base.py:2450: in _handle_dbapi_exception_noconnection
    raise sqlalchemy_exception.with_traceback(exc_info[2]) from e
.venv/lib/python3.12/site-packages/sqlalchemy/engine/base.py:144: in __init__
    self._dbapi_connection = engine.raw_connection()
                             ^^^^^^^^^^^^^^^^^^^^^^^
.venv/lib/python3.12/site-packages/sqlalchemy/engine/base.py:3319: in raw_connection
    return self.pool.connect()
           ^^^^^^^^^^^^^^^^^^^
.venv/lib/python3.12/site-packages/sqlalchemy/pool/base.py:448: in connect
    return _ConnectionFairy._checkout(self)
           ^^^^^^^^^^^^^^^^^^^^^^^^^^^^^^^^
.venv/lib/python3.12/site-packages/sqlalchemy/pool/base.py:1272: in _checkout
    fairy = _ConnectionRecord.checkout(pool)
            ^^^^^^^^^^^^^^^^^^^^^^^^^^^^^^^^
.venv/lib/python3.12/site-packages/sqlalchemy/pool/base.py:712: in checkout
    rec = pool._do_get()
          ^^^^^^^^^^^^^^
.venv/lib/python3.12/site-packages/sqlalchemy/pool/impl.py:178: in _do_get
    with util.safe_reraise():
         ^^^^^^^^^^^^^^^^^^^
.venv/lib/python3.12/site-packages/sqlalchemy/util/langhelpers.py:122: in __exit__
    raise exc_value.with_traceback(exc_tb)
.venv/lib/python3.12/site-packages/sqlalchemy/pool/impl.py:176: in _do_get
    return self._create_connection()
           ^^^^^^^^^^^^^^^^^^^^^^^^^
.venv/lib/python3.12/site-packages/sqlalchemy/pool/base.py:389: in _create_connection
    return _ConnectionRecord(self)
           ^^^^^^^^^^^^^^^^^^^^^^^
[...]
            title_lower="flutter mobile engineer",
            department="Software Engineering",
            department_lower="software engineering",
            normalized_job_text="flutter mobile engineer software engineering iOS android cross-platform app development",
        )
>       domain, families = TaxonomyClassifier.classify_vacancy_dto(vac_dto)
        ^^^^^^^^^^^^^^^^
E       ValueError: too many values to unpack (expected 2)

tests/test_taxonomy_integration.py:419: ValueError
---------------------------- Captured stdout setup -----------------------------
[2026-08-05 16:37:11] [INFO] [cv_analyzer]: CACHE CLEAR [embed]
[2026-08-05 16:37:11] [INFO] [cv_analyzer]: CACHE CLEAR [vacancy]
[2026-08-05 16:37:11] [INFO] [cv_analyzer]: CACHE CLEAR [match_result]
------------------------------ Captured log setup ------------------------------
INFO     cv_analyzer:cache.py:569 CACHE CLEAR [embed]
INFO     cv_analyzer:cache.py:569 CACHE CLEAR [vacancy]
INFO     cv_analyzer:cache.py:569 CACHE CLEAR [match_result]
----------------------------- Captured stdout call -----------------------------
[2026-08-05 16:37:12] [ERROR] [cv_analyzer]: [TAXONOMY] Failed to reload cache: (pyodbc.InterfaceError) ('28000', "[28000] [Microsoft][ODBC Driver 18 for SQL Server][SQL Server]Login failed for user 'ReadOnly_User'. (18456) (SQLDriverConnect)")
(Background on this error at: https://sqlalche.me/e/20/rvf5)
[2026-08-05 16:37:12] [ERROR] [cv_analyzer]: [TAXONOMY] Failed to reload cache: (pyodbc.InterfaceError) ('28000', "[28000] [Microsoft][ODBC Driver 18 for SQL Server][SQL Server]Login failed for user 'ReadOnly_User'. (18456) (SQLDriverConnect)")
(Background on this error at: https://sqlalche.me/e/20/rvf5)
[2026-08-05 16:37:12] [ERROR] [cv_analyzer]: [TAXONOMY] Failed to reload cache: (pyodbc.InterfaceError) ('28000', "[28000] [Microsoft][ODBC Driver 18 for SQL Server][SQL Server]Login failed for user 'ReadOnly_User'. (18456) (SQLDriverConnect)")
(Background on this error at: https://sqlalche.me/e/20/rvf5)
[2026-08-05 16:37:12] [ERROR] [cv_analyzer]: [TAXONOMY] Failed to reload cache: (pyodbc.InterfaceError) ('28000', "[28000] [Microsoft][ODBC Driver 18 for SQL Server][SQL Server]Login failed for user 'ReadOnly_User'. (18456) (SQLDriverConnect)")
(Background on this error at: https://sqlalche.me/e/20/rvf5)
[2026-08-05 16:37:12] [ERROR] [cv_analyzer]: [TAXONOMY] Failed to reload cache: (pyodbc.InterfaceError) ('28000', "[28000] [Microsoft][ODBC Driver 18 for SQL Server][SQL Server]Login failed for user 'ReadOnly_User'. (18456) (SQLDriverConnect)")
(Background on this error at: https://sqlalche.me/e/20/rvf5)
[2026-08-05 16:37:12] [ERROR] [cv_analyzer]: [TAXONOMY] Failed to reload cache: (pyodbc.InterfaceError) ('28000', "[28000] [Microsoft][ODBC Driver 18 for SQL Server][SQL Server]Login failed for user 'ReadOnly_User'. (18456) (SQLDriverConnect)")
(Background on this error at: https://sqlalche.me/e/20/rvf5)
[2026-08-05 16:37:12] [ERROR] [cv_analyzer]: [TAXONOMY] Failed to reload cache: (pyodbc.InterfaceError) ('28000', "[28000] [Microsoft][ODBC Driver 18 for SQL Server][SQL Server]Login failed for user 'ReadOnly_User'. (18456) (SQLDriverConnect)")
(Background on this error at: https://sqlalche.me/e/20/rvf5)
[2026-08-05 16:37:12] [ERROR] [cv_analyzer]: [TAXONOMY] Failed to reload cache: (pyodbc.InterfaceError) ('28000', "[28000] [Microsoft][ODBC Driver 18 for SQL Server][SQL Server]Login failed for user 'ReadOnly_User'. (18456) (SQLDriverConnect)")
(Background on this error at: https://sqlalche.me/e/20/rvf5)
------------------------------ Captured log call -------------------------------
ERROR    cv_analyzer:taxonomy_service.py:91 [TAXONOMY] Failed to reload cache: (pyodbc.InterfaceError) ('28000', "[28000] [Microsoft][ODBC Driver 18 for SQL Server][SQL Server]Login failed for user 'ReadOnly_User'. (18456) (SQLDriverConnect)")
(Background on this error at: https://sqlalche.me/e/20/rvf5)
ERROR    cv_analyzer:taxonomy_service.py:91 [TAXONOMY] Failed to reload cache: (pyodbc.InterfaceError) ('28000', "[28000] [Microsoft][ODBC Driver 18 for SQL Server][SQL Server]Login failed for user 'ReadOnly_User'. (18456) (SQLDriverConnect)")
(Background on this error at: https://sqlalche.me/e/20/rvf5)
ERROR    cv_analyzer:taxonomy_service.py:91 [TAXONOMY] Failed to reload cache: (pyodbc.InterfaceError) ('28000', "[28000] [Microsoft][ODBC Driver 18 for SQL Server][SQL Server]Login failed for user 'ReadOnly_User'. (18456) (SQLDriverConnect)")
(Background on this error at: https://sqlalche.me/e/20/rvf5)
ERROR    cv_analyzer:taxonomy_service.py:91 [TAXONOMY] Failed to reload cache: (pyodbc.InterfaceError) ('28000', "[28000] [Microsoft][ODBC Driver 18 for SQL Server][SQL Server]Login failed for user 'ReadOnly_User'. (18456) (SQLDriverConnect)")
(Background on this error at: https://sqlalche.me/e/20/rvf5)
ERROR    cv_analyzer:taxonomy_service.py:91 [TAXONOMY] Failed to reload cache: (pyodbc.InterfaceError) ('28000', "[28000] [Microsoft][ODBC Driver 18 for SQL Server][SQL Server]Login failed for user 'ReadOnly_User'. (18456) (SQLDriverConnect)")
(Background on this error at: https://sqlalche.me/e/20/rvf5)
ERROR    cv_analyzer:taxonomy_service.py:91 [TAXONOMY] Failed to reload cache: (pyodbc.InterfaceError) ('28000', "[28000] [Microsoft][ODBC Driver 18 for SQL Server][SQL Server]Login failed for user 'ReadOnly_User'. (18456) (SQLDriverConnect)")
(Background on this error at: https://sqlalche.me/e/20/rvf5)
ERROR    cv_analyzer:taxonomy_service.py:91 [TAXONOMY] Failed to reload cache: (pyodbc.InterfaceError) ('28000', "[28000] [Microsoft][ODBC Driver 18 for SQL Server][SQL Server]Login failed for user 'ReadOnly_User'. (18456) (SQLDriverConnect)")
(Background on this error at: https://sqlalche.me/e/20/rvf5)
ERROR    cv_analyzer:taxonomy_service.py:91 [TAXONOMY] Failed to reload cache: (pyodbc.InterfaceError) ('28000', "[28000] [Microsoft][ODBC Driver 18 for SQL Server][SQL Server]Login failed for user 'ReadOnly_User'. (18456) (SQLDriverConnect)")
(Background on this error at: https://sqlalche.me/e/20/rvf5)
--------------------------- Captured stdout teardown ---------------------------
[2026-08-05 16:37:12] [INFO] [cv_analyzer]: CACHE CLEAR [embed]
[2026-08-05 16:37:12] [INFO] [cv_analyzer]: CACHE CLEAR [vacancy]
[2026-08-05 16:37:12] [INFO] [cv_analyzer]: CACHE CLEAR [match_result]
---------------------------- Captured log teardown -----------------------------
INFO     cv_analyzer:cache.py:569 CACHE CLEAR [embed]
INFO     cv_analyzer:cache.py:569 CACHE CLEAR [vacancy]
INFO     cv_analyzer:cache.py:569 CACHE CLEAR [match_result]
_____________________ test_extraction_engine_orchestration _____________________

cls = <class 'app.services.prompt_service.PromptService'>
prompt_name = 'work_experience_extraction_v1'
placeholders = {'candidate_id': 'C123', 'ocr_text': 'Mock Text'}
tenant_id = None, model = None, target_schema = None, language = 'en'
environment = 'production'

    @classmethod
    def get_prompt(
        cls,
        prompt_name: str,
        placeholders: dict[str, Any],
        tenant_id: Optional[str] = None,
        model: Optional[str] = None,
        target_schema: Optional[str] = None,
        language: str = "en",
        environment: str = "production"
    ) -> str:
        cache_key = f"prompt_tmpl:{prompt_name}:{tenant_id or 'none'}:{model or 'none'}:{target_schema or 'none'}:{language}:{environment}"
    
        template = config_cache_manager.get(cache_key)
    
        if not template:
            template = cls._fetch_prompt_from_db(
                prompt_name, tenant_id, model, target_schema, language, environment
            )
            if template:
                config_cache_manager.set(cache_key, template)
    
        if not template:
            logger.error(f"Prompt template '{prompt_name}' not found in DB.")
            raise PromptError("PROMPT_UNAVAILABLE")
    
        try:
>           return template.format(**placeholders)
                   ^^^^^^^^^^^^^^^^^^^^^^^^^^^^^^^
E           KeyError: 'input_json'

app/services/prompt_service.py:40: KeyError

During handling of the above exception, another exception occurred:

mock_extract = <AsyncMock name='extract_work_experience' id='5178456352'>

    @pytest.mark.asyncio
    @patch("app.services.work_experience_extraction_service.OllamaLLMService.extract_work_experience", new_callable=AsyncMock)
    async def test_extraction_engine_orchestration(mock_extract):
        mock_llm_result = LLMWorkExperienceExtraction(
            detected_date_pattern="DD/MM/YYYY",
            overall_confidence=0.9,
            employment_records=[
                LLMWorkExperienceRecord(
                    original_text="Mock Text",
                    company_name_normalized="Mock Corp",
                    job_title_normalized="Mock Eng",
                    start_date_original="2020-01-01",
                    end_date_original="Present",
                    is_current=True,
                    employment_type="full_time",
                    confidence=0.9
                )
            ]
        )
        mock_extract.return_value = mock_llm_result
    
        request = WorkExperienceExtractionRequest(
            candidate_id="C123",
            ocr_text="Mock Text",
            reference_date="2026-08-05",
            config=WorkExperienceConfig()
        )
    
>       response = await WorkExperienceExtractionEngine.process(request)
                   ^^^^^^^^^^^^^^^^^^^^^^^^^^^^^^^^^^^^^^^^^^^^^^^^^^^^^

tests/test_work_experience_extraction_service.py:36: 
_ _ _ _ _ _ _ _ _ _ _ _ _ _ _ _ _ _ _ _ _ _ _ _ _ _ _ _ _ _ _ _ _ _ _ _ _ _ _ _ 
app/services/work_experience_extraction_service.py:35: in process
    prompt = build_work_experience_prompt(
app/prompts/work_experience_extraction_v1.py:5: in build_work_experience_prompt
    return PromptService.get_prompt(
_ _ _ _ _ _ _ _ _ _ _ _ _ _ _ _ _ _ _ _ _ _ _ _ _ _ _ _ _ _ _ _ _ _ _ _ _ _ _ _ 

cls = <class 'app.services.prompt_service.PromptService'>
prompt_name = 'work_experience_extraction_v1'
placeholders = {'candidate_id': 'C123', 'ocr_text': 'Mock Text'}
tenant_id = None, model = None, target_schema = None, language = 'en'
environment = 'production'

    @classmethod
    def get_prompt(
        cls,
        prompt_name: str,
        placeholders: dict[str, Any],
        tenant_id: Optional[str] = None,
        model: Optional[str] = None,
        target_schema: Optional[str] = None,
        language: str = "en",
        environment: str = "production"
    ) -> str:
        cache_key = f"prompt_tmpl:{prompt_name}:{tenant_id or 'none'}:{model or 'none'}:{target_schema or 'none'}:{language}:{environment}"
    
        template = config_cache_manager.get(cache_key)
    
        if not template:
            template = cls._fetch_prompt_from_db(
                prompt_name, tenant_id, model, target_schema, language, environment
            )
            if template:
                config_cache_manager.set(cache_key, template)
    
        if not template:
            logger.error(f"Prompt template '{prompt_name}' not found in DB.")
            raise PromptError("PROMPT_UNAVAILABLE")
    
        try:
            return template.format(**placeholders)
        except KeyError as e:
            logger.error(f"Missing required placeholder {e} in prompt template '{prompt_name}'")
>           raise PromptError(f"Missing required placeholder {e}")
E           app.core.error_handlers.PromptError: Missing required placeholder 'input_json'

app/services/prompt_service.py:43: PromptError
----------------------------- Captured stdout call -----------------------------
[2026-08-05 16:37:16] [INFO] [cv_analyzer]: CACHE MISS [config] key=prompt_tmpl:work_experience_extraction_v1:none:none:none:en:production (0.0ms)
[2026-08-05 16:37:16] [INFO] [cv_analyzer]: CACHE SET [config] key=prompt_tmpl:work_experience_extraction_v1:none:none:none:en:production (0.0ms)
[2026-08-05 16:37:16] [ERROR] [cv_analyzer]: Missing required placeholder 'input_json' in prompt template 'work_experience_extraction_v1'
------------------------------ Captured log call -------------------------------
INFO     cv_analyzer:cache.py:502 CACHE MISS [config] key=prompt_tmpl:work_experience_extraction_v1:none:none:none:en:production (0.0ms)
INFO     cv_analyzer:cache.py:517 CACHE SET [config] key=prompt_tmpl:work_experience_extraction_v1:none:none:none:en:production (0.0ms)
ERROR    cv_analyzer:prompt_service.py:42 Missing required placeholder 'input_json' in prompt template 'work_experience_extraction_v1'
=============================== warnings summary ===============================
.venv/lib/python3.12/site-packages/fastapi/testclient.py:1
  /Users/khushaldhanani/Desktop/AETHERIND/cv-analyzer/backend/.venv/lib/python3.12/site-packages/fastapi/testclient.py:1: StarletteDeprecationWarning: Using `httpx` with `starlette.testclient` is deprecated; install `httpx2` instead.
    from starlette.testclient import TestClient as TestClient  # noqa

<frozen importlib._bootstrap>:488
<frozen importlib._bootstrap>:488
  <frozen importlib._bootstrap>:488: DeprecationWarning: builtin type SwigPyPacked has no __module__ attribute

<frozen importlib._bootstrap>:488
<frozen importlib._bootstrap>:488
  <frozen importlib._bootstrap>:488: DeprecationWarning: builtin type SwigPyObject has no __module__ attribute

<frozen importlib._bootstrap>:488
  <frozen importlib._bootstrap>:488: DeprecationWarning: builtin type swigvarlink has no __module__ attribute

-- Docs: https://docs.pytest.org/en/stable/how-to/capture-warnings.html
=========================== short test summary info ============================
FAILED tests/test_audit_fixes.py::test_vacancy_cache_no_db_fallback - RuntimeError: Failed to query active vacancies from configured MSSQL DB: (pyodbc.InterfaceError) ('28000', "[28000] [Microsoft][ODBC Driver 18 for SQL Server][SQL Server]Login failed for user 'ReadOnly_User'. (18456) (SQLDriverConnect)")
(Background on this error at: https://sqlalche.me/e/20/rvf5)
FAILED tests/test_cv_extraction.py::test_api_upload_cv_endpoint - AttributeError: <module 'app.api.cv' from '/Users/khushaldhanani/Desktop/AETHERIND/cv-analyzer/backend/app/api/cv.py'> does not have the attribute 'background_process_cv'
FAILED tests/test_dual_upload_key_alignment.py::test_dual_upload_key_alignment_and_single_raw_file - AttributeError: <module 'app.api.cv' from '/Users/khushaldhanani/Desktop/AETHERIND/cv-analyzer/backend/app/api/cv.py'> does not have the attribute 'background_process_cv'
FAILED tests/test_job_repository.py::test_job_repository_get_all_jobs_default_fallback - RuntimeError: Failed to query active vacancies from configured MSSQL DB: (pyodbc.InterfaceError) ('28000', "[28000] [Microsoft][ODBC Driver 18 for SQL Server][SQL Server]Login failed for user 'ReadOnly_User'. (18456) (SQLDriverConnect)")
(Background on this error at: https://sqlalche.me/e/20/rvf5)
FAILED tests/test_job_repository.py::test_job_repository_cache_hit - RuntimeError: Failed to query active vacancies from configured MSSQL DB: (pyodbc.InterfaceError) ('28000', "[28000] [Microsoft][ODBC Driver 18 for SQL Server][SQL Server]Login failed for user 'ReadOnly_User'. (18456) (SQLDriverConnect)")
(Background on this error at: https://sqlalche.me/e/20/rvf5)
FAILED tests/test_job_repository.py::test_job_repository_get_job_by_id - RuntimeError: Failed to query active vacancies from configured MSSQL DB: (pyodbc.InterfaceError) ('28000', "[28000] [Microsoft][ODBC Driver 18 for SQL Server][SQL Server]Login failed for user 'ReadOnly_User'. (18456) (SQLDriverConnect)")
(Background on this error at: https://sqlalche.me/e/20/rvf5)
FAILED tests/test_phase6_api_reliability.py::test_concrete_paths_resolve_characterized_access_tiers - AssertionError: assert None == <AccessTier.ADMINISTRATOR: 'administrator'>
 +  where None = resolve_access_tier('PUT', '/api/config/match')
 +  and   <AccessTier.ADMINISTRATOR: 'administrator'> = AccessTier.ADMINISTRATOR
FAILED tests/test_scoring_engine.py::test_scoring_engine_high_match - RuntimeError: Failed to query active vacancies from configured MSSQL DB: (pyodbc.InterfaceError) ('28000', "[28000] [Microsoft][ODBC Driver 18 for SQL Server][SQL Server]Login failed for user 'ReadOnly_User'. (18456) (SQLDriverConnect)")
(Background on this error at: https://sqlalche.me/e/20/rvf5)
FAILED tests/test_scoring_engine.py::test_scoring_engine_medium_match - RuntimeError: Failed to query active vacancies from configured MSSQL DB: (pyodbc.InterfaceError) ('28000', "[28000] [Microsoft][ODBC Driver 18 for SQL Server][SQL Server]Login failed for user 'ReadOnly_User'. (18456) (SQLDriverConnect)")
(Background on this error at: https://sqlalche.me/e/20/rvf5)
FAILED tests/test_scoring_engine.py::test_scoring_engine_low_match_never_rejects - RuntimeError: Failed to query active vacancies from configured MSSQL DB: (pyodbc.InterfaceError) ('28000', "[28000] [Microsoft][ODBC Driver 18 for SQL Server][SQL Server]Login failed for user 'ReadOnly_User'. (18456) (SQLDriverConnect)")
(Background on this error at: https://sqlalche.me/e/20/rvf5)
FAILED tests/test_scoring_engine.py::test_api_cv_match_endpoint - assert 500 == 200
 +  where 500 = <Response [500 Internal Server Error]>.status_code
FAILED tests/test_talent_knowledge_graph.py::test_skill_intelligence_graph - RuntimeError: Failed to query active vacancies from configured MSSQL DB: (pyodbc.InterfaceError) ('28000', "[28000] [Microsoft][ODBC Driver 18 for SQL Server][SQL Server]Login failed for user 'ReadOnly_User'. (18456) (SQLDriverConnect)")
(Background on this error at: https://sqlalche.me/e/20/rvf5)
FAILED tests/test_talent_knowledge_graph.py::test_recruitment_analytics_graph - RuntimeError: Failed to query active vacancies from configured MSSQL DB: (pyodbc.InterfaceError) ('28000', "[28000] [Microsoft][ODBC Driver 18 for SQL Server][SQL Server]Login failed for user 'ReadOnly_User'. (18456) (SQLDriverConnect)")
(Background on this error at: https://sqlalche.me/e/20/rvf5)
FAILED tests/test_talent_knowledge_graph.py::test_talent_graph_api_endpoints - assert 500 == 200
 +  where 500 = <Response [500 Internal Server Error]>.status_code
FAILED tests/test_taxonomy_integration.py::test_taxonomy_classifier_roles_and_metrics - ValueError: too many values to unpack (expected 2)
FAILED tests/test_work_experience_extraction_service.py::test_extraction_engine_orchestration - app.core.error_handlers.PromptError: Missing required placeholder 'input_json'
ERROR tests/test_prompt_service.py::test_placeholder_extraction - sqlalchemy.exc.InterfaceError: (pyodbc.InterfaceError) ('28000', "[28000] [Microsoft][ODBC Driver 18 for SQL Server][SQL Server]Login failed for user 'ReadOnly_User'. (18456) (SQLDriverConnect)")
(Background on this error at: https://sqlalche.me/e/20/rvf5)
ERROR tests/test_prompt_service.py::test_prompt_fallback_chain - sqlalchemy.exc.InterfaceError: (pyodbc.InterfaceError) ('28000', "[28000] [Microsoft][ODBC Driver 18 for SQL Server][SQL Server]Login failed for user 'ReadOnly_User'. (18456) (SQLDriverConnect)")
(Background on this error at: https://sqlalche.me/e/20/rvf5)
ERROR tests/test_prompt_service.py::test_missing_placeholder - sqlalchemy.exc.InterfaceError: (pyodbc.InterfaceError) ('28000', "[28000] [Microsoft][ODBC Driver 18 for SQL Server][SQL Server]Login failed for user 'ReadOnly_User'. (18456) (SQLDriverConnect)")
(Background on this error at: https://sqlalche.me/e/20/rvf5)
ERROR tests/test_prompt_service.py::test_activation_validation - sqlalchemy.exc.InterfaceError: (pyodbc.InterfaceError) ('28000', "[28000] [Microsoft][ODBC Driver 18 for SQL Server][SQL Server]Login failed for user 'ReadOnly_User'. (18456) (SQLDriverConnect)")
(Background on this error at: https://sqlalche.me/e/20/rvf5)
======= 16 failed, 340 passed, 6 warnings, 4 errors in 715.54s (0:11:55) =======
sys:1: DeprecationWarning: builtin type swigvarlink has no __module__ attribute
